<?xml version="1.0" encoding="UTF-8"?>
<testng-results skipped="38" failed="1" total="39" passed="0">
  <reporter-output>
    <line>
      <![CDATA[Extent Report Directory/Users/amir/Desktop/AutomationFrameworkGroup2/Github/target/surefire-reports/html]]>
    </line>
  </reporter-output>
  <suite name="TestGithubHomePage" duration-ms="6393" started-at="2019-03-28T20:54:41Z" finished-at="2019-03-28T20:54:47Z">
    <groups>
    </groups>
    <test name="Command line test" duration-ms="6393" started-at="2019-03-28T20:54:41Z" finished-at="2019-03-28T20:54:47Z">
      <class name="TestGithubHomePage">
        <test-method status="PASS" signature="extentSetup(org.testng.ITestContext)[pri:0, instance:TestGithubHomePage@617c74e5]" name="extentSetup" is-config="true" duration-ms="277" started-at="2019-03-28T16:54:41Z" finished-at="2019-03-28T16:54:41Z">
          <params>
            <param index="0">
              <value>
                <![CDATA[org.testng.TestRunner@31dadd46]]>
              </value>
            </param>
          </params>
          <reporter-output>
            <line>
              <![CDATA[Extent Report Directory/Users/amir/Desktop/AutomationFrameworkGroup2/Github/target/surefire-reports/html]]>
            </line>
          </reporter-output>
        </test-method> <!-- extentSetup -->
        <test-method status="PASS" signature="setUp(boolean, java.lang.String, java.lang.String, java.lang.String, java.lang.String, java.lang.String, java.lang.String)[pri:0, instance:TestGithubHomePage@617c74e5]" name="setUp" is-config="true" duration-ms="1456" started-at="2019-03-28T16:54:41Z" finished-at="2019-03-28T16:54:42Z">
          <params>
            <param index="0">
              <value>
                <![CDATA[false]]>
              </value>
            </param>
            <param index="1">
              <value>
                <![CDATA[false]]>
              </value>
            </param>
            <param index="2">
              <value>
                <![CDATA[OS X]]>
              </value>
            </param>
            <param index="3">
              <value>
                <![CDATA[10]]>
              </value>
            </param>
            <param index="4">
              <value>
                <![CDATA[chrome-options]]>
              </value>
            </param>
            <param index="5">
              <value>
                <![CDATA[34]]>
              </value>
            </param>
            <param index="6">
              <value>
                <![CDATA[http://www.cnn.com/]]>
              </value>
            </param>
          </params>
          <reporter-output>
          </reporter-output>
        </test-method> <!-- setUp -->
        <test-method status="PASS" signature="initialize()[pri:0, instance:TestGithubHomePage@617c74e5]" name="initialize" is-config="true" duration-ms="4313" started-at="2019-03-28T16:54:42Z" finished-at="2019-03-28T16:54:47Z">
          <reporter-output>
          </reporter-output>
        </test-method> <!-- initialize -->
        <test-method status="PASS" signature="startExtent(java.lang.reflect.Method)[pri:0, instance:TestGithubHomePage@617c74e5]" name="startExtent" is-config="true" duration-ms="5" started-at="2019-03-28T16:54:47Z" finished-at="2019-03-28T16:54:47Z">
          <params>
            <param index="0">
              <value>
                <![CDATA[public void TestGithubHomePage.TestAboutButton() throws java.lang.Exception]]>
              </value>
            </param>
          </params>
          <reporter-output>
          </reporter-output>
        </test-method> <!-- startExtent -->
        <test-method status="FAIL" signature="TestAboutButton()[pri:0, instance:TestGithubHomePage@617c74e5]" name="TestAboutButton" duration-ms="410" started-at="2019-03-28T16:54:47Z" finished-at="2019-03-28T16:54:47Z">
          <exception class="org.openqa.selenium.WebDriverException">
            <message>
              <![CDATA[unknown error: cannot determine loading status
from disconnected: received Inspector.detached event
  (Session info: chrome=73.0.3683.86)
  (Driver info: chromedriver=2.46.628411 (3324f4c8be9ff2f70a05a30ebc72ffb013e1a71e),platform=Mac OS X 10.14.1 x86_64) (WARNING: The server did not provide any stacktrace information)
Command duration or timeout: 0 milliseconds
Build info: version: '3.141.59', revision: 'e82be7d358', time: '2018-11-14T08:17:03'
System info: host: 'Mohammads-MacBook-Pro-4.local', ip: 'fe80:0:0:0:c30:131b:6071:2554%en0', os.name: 'Mac OS X', os.arch: 'x86_64', os.version: '10.14.1', java.version: '1.8.0_131'
Driver info: org.openqa.selenium.chrome.ChromeDriver
Capabilities {acceptInsecureCerts: false, acceptSslCerts: false, applicationCacheEnabled: false, browserConnectionEnabled: false, browserName: chrome, chrome: {chromedriverVersion: 2.46.628411 (3324f4c8be9ff2..., userDataDir: /var/folders/4t/056t6gvd665...}, cssSelectorsEnabled: true, databaseEnabled: false, goog:chromeOptions: {debuggerAddress: localhost:49978}, handlesAlerts: true, hasTouchScreen: false, javascriptEnabled: true, locationContextEnabled: true, mobileEmulationEnabled: false, nativeEvents: true, networkConnectionEnabled: false, pageLoadStrategy: normal, platform: MAC, platformName: MAC, proxy: Proxy(), rotatable: false, setWindowRect: true, strictFileInteractability: false, takesHeapSnapshot: true, takesScreenshot: true, timeouts: {implicit: 0, pageLoad: 300000, script: 30000}, unexpectedAlertBehaviour: ignore, unhandledPromptBehavior: ignore, version: 73.0.3683.86, webStorageEnabled: true}
Session ID: 23275318614181cff3e9c7830346e2fe]]>
            </message>
            <full-stacktrace>
              <![CDATA[org.openqa.selenium.WebDriverException: unknown error: cannot determine loading status
from disconnected: received Inspector.detached event
  (Session info: chrome=73.0.3683.86)
  (Driver info: chromedriver=2.46.628411 (3324f4c8be9ff2f70a05a30ebc72ffb013e1a71e),platform=Mac OS X 10.14.1 x86_64) (WARNING: The server did not provide any stacktrace information)
Command duration or timeout: 0 milliseconds
Build info: version: '3.141.59', revision: 'e82be7d358', time: '2018-11-14T08:17:03'
System info: host: 'Mohammads-MacBook-Pro-4.local', ip: 'fe80:0:0:0:c30:131b:6071:2554%en0', os.name: 'Mac OS X', os.arch: 'x86_64', os.version: '10.14.1', java.version: '1.8.0_131'
Driver info: org.openqa.selenium.chrome.ChromeDriver
Capabilities {acceptInsecureCerts: false, acceptSslCerts: false, applicationCacheEnabled: false, browserConnectionEnabled: false, browserName: chrome, chrome: {chromedriverVersion: 2.46.628411 (3324f4c8be9ff2..., userDataDir: /var/folders/4t/056t6gvd665...}, cssSelectorsEnabled: true, databaseEnabled: false, goog:chromeOptions: {debuggerAddress: localhost:49978}, handlesAlerts: true, hasTouchScreen: false, javascriptEnabled: true, locationContextEnabled: true, mobileEmulationEnabled: false, nativeEvents: true, networkConnectionEnabled: false, pageLoadStrategy: normal, platform: MAC, platformName: MAC, proxy: Proxy(), rotatable: false, setWindowRect: true, strictFileInteractability: false, takesHeapSnapshot: true, takesScreenshot: true, timeouts: {implicit: 0, pageLoad: 300000, script: 30000}, unexpectedAlertBehaviour: ignore, unhandledPromptBehavior: ignore, version: 73.0.3683.86, webStorageEnabled: true}
Session ID: 23275318614181cff3e9c7830346e2fe
	at sun.reflect.NativeConstructorAccessorImpl.newInstance0(Native Method)
	at sun.reflect.NativeConstructorAccessorImpl.newInstance(NativeConstructorAccessorImpl.java:62)
	at sun.reflect.DelegatingConstructorAccessorImpl.newInstance(DelegatingConstructorAccessorImpl.java:45)
	at java.lang.reflect.Constructor.newInstance(Constructor.java:423)
	at org.openqa.selenium.remote.ErrorHandler.createThrowable(ErrorHandler.java:214)
	at org.openqa.selenium.remote.ErrorHandler.throwIfResponseFailed(ErrorHandler.java:166)
	at org.openqa.selenium.remote.http.JsonHttpResponseCodec.reconstructValue(JsonHttpResponseCodec.java:40)
	at org.openqa.selenium.remote.http.AbstractHttpResponseCodec.decode(AbstractHttpResponseCodec.java:80)
	at org.openqa.selenium.remote.http.AbstractHttpResponseCodec.decode(AbstractHttpResponseCodec.java:44)
	at org.openqa.selenium.remote.HttpCommandExecutor.execute(HttpCommandExecutor.java:158)
	at org.openqa.selenium.remote.service.DriverCommandExecutor.execute(DriverCommandExecutor.java:83)
	at org.openqa.selenium.remote.RemoteWebDriver.execute(RemoteWebDriver.java:552)
	at org.openqa.selenium.remote.RemoteWebDriver.get(RemoteWebDriver.java:277)
	at org.openqa.selenium.remote.RemoteWebDriver$RemoteNavigation.to(RemoteWebDriver.java:857)
	at GithubHomePage.SetAboutButton(GithubHomePage.java:348)
	at TestGithubHomePage.TestAboutButton(TestGithubHomePage.java:140)
	at sun.reflect.NativeMethodAccessorImpl.invoke0(Native Method)
	at sun.reflect.NativeMethodAccessorImpl.invoke(NativeMethodAccessorImpl.java:62)
	at sun.reflect.DelegatingMethodAccessorImpl.invoke(DelegatingMethodAccessorImpl.java:43)
	at java.lang.reflect.Method.invoke(Method.java:498)
	at org.testng.internal.MethodInvocationHelper.invokeMethod(MethodInvocationHelper.java:84)
	at org.testng.internal.Invoker.invokeMethod(Invoker.java:714)
	at org.testng.internal.Invoker.invokeTestMethod(Invoker.java:901)
	at org.testng.internal.Invoker.invokeTestMethods(Invoker.java:1231)
	at org.testng.internal.TestMethodWorker.invokeTestMethods(TestMethodWorker.java:127)
	at org.testng.internal.TestMethodWorker.run(TestMethodWorker.java:111)
	at org.testng.TestRunner.privateRun(TestRunner.java:767)
	at org.testng.TestRunner.run(TestRunner.java:617)
	at org.testng.SuiteRunner.runTest(SuiteRunner.java:334)
	at org.testng.SuiteRunner.runSequentially(SuiteRunner.java:329)
	at org.testng.SuiteRunner.privateRun(SuiteRunner.java:291)
	at org.testng.SuiteRunner.run(SuiteRunner.java:240)
	at org.testng.SuiteRunnerWorker.runSuite(SuiteRunnerWorker.java:52)
	at org.testng.SuiteRunnerWorker.run(SuiteRunnerWorker.java:86)
	at org.testng.TestNG.runSuitesSequentially(TestNG.java:1224)
	at org.testng.TestNG.runSuitesLocally(TestNG.java:1149)
	at org.testng.TestNG.run(TestNG.java:1057)
	at org.apache.maven.surefire.testng.TestNGExecutor.run(TestNGExecutor.java:77)
	at org.apache.maven.surefire.testng.TestNGDirectoryTestSuite.execute(TestNGDirectoryTestSuite.java:110)
	at org.apache.maven.surefire.testng.TestNGProvider.invoke(TestNGProvider.java:106)
	at sun.reflect.NativeMethodAccessorImpl.invoke0(Native Method)
	at sun.reflect.NativeMethodAccessorImpl.invoke(NativeMethodAccessorImpl.java:62)
	at sun.reflect.DelegatingMethodAccessorImpl.invoke(DelegatingMethodAccessorImpl.java:43)
	at java.lang.reflect.Method.invoke(Method.java:498)
	at org.apache.maven.surefire.util.ReflectionUtils.invokeMethodWithArray(ReflectionUtils.java:189)
	at org.apache.maven.surefire.booter.ProviderFactory$ProviderProxy.invoke(ProviderFactory.java:165)
	at org.apache.maven.surefire.booter.ProviderFactory.invokeProvider(ProviderFactory.java:85)
	at org.apache.maven.surefire.booter.ForkedBooter.runSuitesInProcess(ForkedBooter.java:115)
	at org.apache.maven.surefire.booter.ForkedBooter.main(ForkedBooter.java:75)
]]>
            </full-stacktrace>
          </exception> <!-- org.openqa.selenium.WebDriverException -->
          <reporter-output>
          </reporter-output>
        </test-method> <!-- TestAboutButton -->
        <test-method status="FAIL" signature="afterEachTestMethod(org.testng.ITestResult)[pri:0, instance:TestGithubHomePage@617c74e5]" name="afterEachTestMethod" is-config="true" duration-ms="0" started-at="2019-03-28T16:54:47Z" finished-at="2019-03-28T16:54:47Z">
          <params>
            <param index="0">
              <value>
                <![CDATA[[TestResult name=TestAboutButton status=FAILURE method=TestGithubHomePage.TestAboutButton()[pri:0, instance:TestGithubHomePage@617c74e5] output={null}]]]>
              </value>
            </param>
          </params>
          <exception class="org.openqa.selenium.NoSuchWindowException">
            <message>
              <![CDATA[no such window: window was already closed
  (Session info: chrome=73.0.3683.86)
  (Driver info: chromedriver=2.46.628411 (3324f4c8be9ff2f70a05a30ebc72ffb013e1a71e),platform=Mac OS X 10.14.1 x86_64) (WARNING: The server did not provide any stacktrace information)
Command duration or timeout: 0 milliseconds
Build info: version: '3.141.59', revision: 'e82be7d358', time: '2018-11-14T08:17:03'
System info: host: 'Mohammads-MacBook-Pro-4.local', ip: 'fe80:0:0:0:c30:131b:6071:2554%en0', os.name: 'Mac OS X', os.arch: 'x86_64', os.version: '10.14.1', java.version: '1.8.0_131'
Driver info: org.openqa.selenium.chrome.ChromeDriver
Capabilities {acceptInsecureCerts: false, acceptSslCerts: false, applicationCacheEnabled: false, browserConnectionEnabled: false, browserName: chrome, chrome: {chromedriverVersion: 2.46.628411 (3324f4c8be9ff2..., userDataDir: /var/folders/4t/056t6gvd665...}, cssSelectorsEnabled: true, databaseEnabled: false, goog:chromeOptions: {debuggerAddress: localhost:49978}, handlesAlerts: true, hasTouchScreen: false, javascriptEnabled: true, locationContextEnabled: true, mobileEmulationEnabled: false, nativeEvents: true, networkConnectionEnabled: false, pageLoadStrategy: normal, platform: MAC, platformName: MAC, proxy: Proxy(), rotatable: false, setWindowRect: true, strictFileInteractability: false, takesHeapSnapshot: true, takesScreenshot: true, timeouts: {implicit: 0, pageLoad: 300000, script: 30000}, unexpectedAlertBehaviour: ignore, unhandledPromptBehavior: ignore, version: 73.0.3683.86, webStorageEnabled: true}
Session ID: 23275318614181cff3e9c7830346e2fe]]>
            </message>
            <full-stacktrace>
              <![CDATA[org.openqa.selenium.NoSuchWindowException: no such window: window was already closed
  (Session info: chrome=73.0.3683.86)
  (Driver info: chromedriver=2.46.628411 (3324f4c8be9ff2f70a05a30ebc72ffb013e1a71e),platform=Mac OS X 10.14.1 x86_64) (WARNING: The server did not provide any stacktrace information)
Command duration or timeout: 0 milliseconds
Build info: version: '3.141.59', revision: 'e82be7d358', time: '2018-11-14T08:17:03'
System info: host: 'Mohammads-MacBook-Pro-4.local', ip: 'fe80:0:0:0:c30:131b:6071:2554%en0', os.name: 'Mac OS X', os.arch: 'x86_64', os.version: '10.14.1', java.version: '1.8.0_131'
Driver info: org.openqa.selenium.chrome.ChromeDriver
Capabilities {acceptInsecureCerts: false, acceptSslCerts: false, applicationCacheEnabled: false, browserConnectionEnabled: false, browserName: chrome, chrome: {chromedriverVersion: 2.46.628411 (3324f4c8be9ff2..., userDataDir: /var/folders/4t/056t6gvd665...}, cssSelectorsEnabled: true, databaseEnabled: false, goog:chromeOptions: {debuggerAddress: localhost:49978}, handlesAlerts: true, hasTouchScreen: false, javascriptEnabled: true, locationContextEnabled: true, mobileEmulationEnabled: false, nativeEvents: true, networkConnectionEnabled: false, pageLoadStrategy: normal, platform: MAC, platformName: MAC, proxy: Proxy(), rotatable: false, setWindowRect: true, strictFileInteractability: false, takesHeapSnapshot: true, takesScreenshot: true, timeouts: {implicit: 0, pageLoad: 300000, script: 30000}, unexpectedAlertBehaviour: ignore, unhandledPromptBehavior: ignore, version: 73.0.3683.86, webStorageEnabled: true}
Session ID: 23275318614181cff3e9c7830346e2fe
	at sun.reflect.NativeConstructorAccessorImpl.newInstance0(Native Method)
	at sun.reflect.NativeConstructorAccessorImpl.newInstance(NativeConstructorAccessorImpl.java:62)
	at sun.reflect.DelegatingConstructorAccessorImpl.newInstance(DelegatingConstructorAccessorImpl.java:45)
	at java.lang.reflect.Constructor.newInstance(Constructor.java:423)
	at org.openqa.selenium.remote.ErrorHandler.createThrowable(ErrorHandler.java:214)
	at org.openqa.selenium.remote.ErrorHandler.throwIfResponseFailed(ErrorHandler.java:166)
	at org.openqa.selenium.remote.http.JsonHttpResponseCodec.reconstructValue(JsonHttpResponseCodec.java:40)
	at org.openqa.selenium.remote.http.AbstractHttpResponseCodec.decode(AbstractHttpResponseCodec.java:80)
	at org.openqa.selenium.remote.http.AbstractHttpResponseCodec.decode(AbstractHttpResponseCodec.java:44)
	at org.openqa.selenium.remote.HttpCommandExecutor.execute(HttpCommandExecutor.java:158)
	at org.openqa.selenium.remote.service.DriverCommandExecutor.execute(DriverCommandExecutor.java:83)
	at org.openqa.selenium.remote.RemoteWebDriver.execute(RemoteWebDriver.java:552)
	at org.openqa.selenium.remote.RemoteWebDriver.execute(RemoteWebDriver.java:609)
	at org.openqa.selenium.remote.RemoteWebDriver.getScreenshotAs(RemoteWebDriver.java:295)
	at base.CommonAPI.captureScreenshot(CommonAPI.java:257)
	at base.CommonAPI.afterEachTestMethod(CommonAPI.java:78)
	at sun.reflect.NativeMethodAccessorImpl.invoke0(Native Method)
	at sun.reflect.NativeMethodAccessorImpl.invoke(NativeMethodAccessorImpl.java:62)
	at sun.reflect.DelegatingMethodAccessorImpl.invoke(DelegatingMethodAccessorImpl.java:43)
	at java.lang.reflect.Method.invoke(Method.java:498)
	at org.testng.internal.MethodInvocationHelper.invokeMethod(MethodInvocationHelper.java:84)
	at org.testng.internal.Invoker.invokeConfigurationMethod(Invoker.java:564)
	at org.testng.internal.Invoker.invokeConfigurations(Invoker.java:213)
	at org.testng.internal.Invoker.invokeMethod(Invoker.java:786)
	at org.testng.internal.Invoker.invokeTestMethod(Invoker.java:901)
	at org.testng.internal.Invoker.invokeTestMethods(Invoker.java:1231)
	at org.testng.internal.TestMethodWorker.invokeTestMethods(TestMethodWorker.java:127)
	at org.testng.internal.TestMethodWorker.run(TestMethodWorker.java:111)
	at org.testng.TestRunner.privateRun(TestRunner.java:767)
	at org.testng.TestRunner.run(TestRunner.java:617)
	at org.testng.SuiteRunner.runTest(SuiteRunner.java:334)
	at org.testng.SuiteRunner.runSequentially(SuiteRunner.java:329)
	at org.testng.SuiteRunner.privateRun(SuiteRunner.java:291)
	at org.testng.SuiteRunner.run(SuiteRunner.java:240)
	at org.testng.SuiteRunnerWorker.runSuite(SuiteRunnerWorker.java:52)
	at org.testng.SuiteRunnerWorker.run(SuiteRunnerWorker.java:86)
	at org.testng.TestNG.runSuitesSequentially(TestNG.java:1224)
	at org.testng.TestNG.runSuitesLocally(TestNG.java:1149)
	at org.testng.TestNG.run(TestNG.java:1057)
	at org.apache.maven.surefire.testng.TestNGExecutor.run(TestNGExecutor.java:77)
	at org.apache.maven.surefire.testng.TestNGDirectoryTestSuite.execute(TestNGDirectoryTestSuite.java:110)
	at org.apache.maven.surefire.testng.TestNGProvider.invoke(TestNGProvider.java:106)
	at sun.reflect.NativeMethodAccessorImpl.invoke0(Native Method)
	at sun.reflect.NativeMethodAccessorImpl.invoke(NativeMethodAccessorImpl.java:62)
	at sun.reflect.DelegatingMethodAccessorImpl.invoke(DelegatingMethodAccessorImpl.java:43)
	at java.lang.reflect.Method.invoke(Method.java:498)
	at org.apache.maven.surefire.util.ReflectionUtils.invokeMethodWithArray(ReflectionUtils.java:189)
	at org.apache.maven.surefire.booter.ProviderFactory$ProviderProxy.invoke(ProviderFactory.java:165)
	at org.apache.maven.surefire.booter.ProviderFactory.invokeProvider(ProviderFactory.java:85)
	at org.apache.maven.surefire.booter.ForkedBooter.runSuitesInProcess(ForkedBooter.java:115)
	at org.apache.maven.surefire.booter.ForkedBooter.main(ForkedBooter.java:75)
]]>
            </full-stacktrace>
          </exception> <!-- org.openqa.selenium.NoSuchWindowException -->
          <reporter-output>
          </reporter-output>
        </test-method> <!-- afterEachTestMethod -->
        <test-method status="SKIP" signature="TestAtomButton()[pri:0, instance:TestGithubHomePage@617c74e5]" name="TestAtomButton" duration-ms="0" started-at="2019-03-28T16:54:47Z" finished-at="2019-03-28T16:54:47Z">
          <reporter-output>
          </reporter-output>
        </test-method> <!-- TestAtomButton -->
        <test-method status="SKIP" signature="afterEachTestMethod(org.testng.ITestResult)[pri:0, instance:TestGithubHomePage@617c74e5]" name="afterEachTestMethod" is-config="true" duration-ms="0" started-at="2019-03-28T16:54:47Z" finished-at="2019-03-28T16:54:47Z">
          <reporter-output>
          </reporter-output>
        </test-method> <!-- afterEachTestMethod -->
        <test-method status="SKIP" signature="startExtent(java.lang.reflect.Method)[pri:0, instance:TestGithubHomePage@617c74e5]" name="startExtent" is-config="true" duration-ms="0" started-at="2019-03-28T16:54:47Z" finished-at="2019-03-28T16:54:47Z">
          <reporter-output>
          </reporter-output>
        </test-method> <!-- startExtent -->
        <test-method status="SKIP" signature="TestCareersButton()[pri:0, instance:TestGithubHomePage@617c74e5]" name="TestCareersButton" duration-ms="0" started-at="2019-03-28T16:54:47Z" finished-at="2019-03-28T16:54:47Z">
          <reporter-output>
          </reporter-output>
        </test-method> <!-- TestCareersButton -->
        <test-method status="SKIP" signature="startExtent(java.lang.reflect.Method)[pri:0, instance:TestGithubHomePage@617c74e5]" name="startExtent" is-config="true" duration-ms="0" started-at="2019-03-28T16:54:47Z" finished-at="2019-03-28T16:54:47Z">
          <reporter-output>
          </reporter-output>
        </test-method> <!-- startExtent -->
        <test-method status="SKIP" signature="startExtent(java.lang.reflect.Method)[pri:0, instance:TestGithubHomePage@617c74e5]" name="startExtent" is-config="true" duration-ms="0" started-at="2019-03-28T16:54:47Z" finished-at="2019-03-28T16:54:47Z">
          <reporter-output>
          </reporter-output>
        </test-method> <!-- startExtent -->
        <test-method status="SKIP" signature="TestBlogButton()[pri:0, instance:TestGithubHomePage@617c74e5]" name="TestBlogButton" duration-ms="0" started-at="2019-03-28T16:54:47Z" finished-at="2019-03-28T16:54:47Z">
          <reporter-output>
          </reporter-output>
        </test-method> <!-- TestBlogButton -->
        <test-method status="SKIP" signature="afterEachTestMethod(org.testng.ITestResult)[pri:0, instance:TestGithubHomePage@617c74e5]" name="afterEachTestMethod" is-config="true" duration-ms="0" started-at="2019-03-28T16:54:47Z" finished-at="2019-03-28T16:54:47Z">
          <reporter-output>
          </reporter-output>
        </test-method> <!-- afterEachTestMethod -->
        <test-method status="SKIP" signature="afterEachTestMethod(org.testng.ITestResult)[pri:0, instance:TestGithubHomePage@617c74e5]" name="afterEachTestMethod" is-config="true" duration-ms="0" started-at="2019-03-28T16:54:47Z" finished-at="2019-03-28T16:54:47Z">
          <reporter-output>
          </reporter-output>
        </test-method> <!-- afterEachTestMethod -->
        <test-method status="SKIP" signature="startExtent(java.lang.reflect.Method)[pri:0, instance:TestGithubHomePage@617c74e5]" name="startExtent" is-config="true" duration-ms="0" started-at="2019-03-28T16:54:47Z" finished-at="2019-03-28T16:54:47Z">
          <reporter-output>
          </reporter-output>
        </test-method> <!-- startExtent -->
        <test-method status="SKIP" signature="startExtent(java.lang.reflect.Method)[pri:0, instance:TestGithubHomePage@617c74e5]" name="startExtent" is-config="true" duration-ms="0" started-at="2019-03-28T16:54:47Z" finished-at="2019-03-28T16:54:47Z">
          <reporter-output>
          </reporter-output>
        </test-method> <!-- startExtent -->
        <test-method status="SKIP" signature="afterEachTestMethod(org.testng.ITestResult)[pri:0, instance:TestGithubHomePage@617c74e5]" name="afterEachTestMethod" is-config="true" duration-ms="0" started-at="2019-03-28T16:54:47Z" finished-at="2019-03-28T16:54:47Z">
          <reporter-output>
          </reporter-output>
        </test-method> <!-- afterEachTestMethod -->
        <test-method status="SKIP" signature="TestCommunityForumButton()[pri:0, instance:TestGithubHomePage@617c74e5]" name="TestCommunityForumButton" duration-ms="0" started-at="2019-03-28T16:54:47Z" finished-at="2019-03-28T16:54:47Z">
          <reporter-output>
          </reporter-output>
        </test-method> <!-- TestCommunityForumButton -->
        <test-method status="SKIP" signature="TestComparePlansButton()[pri:0, instance:TestGithubHomePage@617c74e5]" name="TestComparePlansButton" duration-ms="0" started-at="2019-03-28T16:54:47Z" finished-at="2019-03-28T16:54:47Z">
          <reporter-output>
          </reporter-output>
        </test-method> <!-- TestComparePlansButton -->
        <test-method status="SKIP" signature="afterEachTestMethod(org.testng.ITestResult)[pri:0, instance:TestGithubHomePage@617c74e5]" name="afterEachTestMethod" is-config="true" duration-ms="0" started-at="2019-03-28T16:54:47Z" finished-at="2019-03-28T16:54:47Z">
          <reporter-output>
          </reporter-output>
        </test-method> <!-- afterEachTestMethod -->
        <test-method status="SKIP" signature="startExtent(java.lang.reflect.Method)[pri:0, instance:TestGithubHomePage@617c74e5]" name="startExtent" is-config="true" duration-ms="0" started-at="2019-03-28T16:54:47Z" finished-at="2019-03-28T16:54:47Z">
          <reporter-output>
          </reporter-output>
        </test-method> <!-- startExtent -->
        <test-method status="SKIP" signature="afterEachTestMethod(org.testng.ITestResult)[pri:0, instance:TestGithubHomePage@617c74e5]" name="afterEachTestMethod" is-config="true" duration-ms="0" started-at="2019-03-28T16:54:47Z" finished-at="2019-03-28T16:54:47Z">
          <reporter-output>
          </reporter-output>
        </test-method> <!-- afterEachTestMethod -->
        <test-method status="SKIP" signature="TestContactSalesButton()[pri:0, instance:TestGithubHomePage@617c74e5]" name="TestContactSalesButton" duration-ms="0" started-at="2019-03-28T16:54:47Z" finished-at="2019-03-28T16:54:47Z">
          <reporter-output>
          </reporter-output>
        </test-method> <!-- TestContactSalesButton -->
        <test-method status="SKIP" signature="afterEachTestMethod(org.testng.ITestResult)[pri:0, instance:TestGithubHomePage@617c74e5]" name="afterEachTestMethod" is-config="true" duration-ms="0" started-at="2019-03-28T16:54:47Z" finished-at="2019-03-28T16:54:47Z">
          <reporter-output>
          </reporter-output>
        </test-method> <!-- afterEachTestMethod -->
        <test-method status="SKIP" signature="startExtent(java.lang.reflect.Method)[pri:0, instance:TestGithubHomePage@617c74e5]" name="startExtent" is-config="true" duration-ms="0" started-at="2019-03-28T16:54:47Z" finished-at="2019-03-28T16:54:47Z">
          <reporter-output>
          </reporter-output>
        </test-method> <!-- startExtent -->
        <test-method status="SKIP" signature="TestContactGithubButton()[pri:0, instance:TestGithubHomePage@617c74e5]" name="TestContactGithubButton" duration-ms="0" started-at="2019-03-28T16:54:47Z" finished-at="2019-03-28T16:54:47Z">
          <reporter-output>
          </reporter-output>
        </test-method> <!-- TestContactGithubButton -->
        <test-method status="SKIP" signature="startExtent(java.lang.reflect.Method)[pri:0, instance:TestGithubHomePage@617c74e5]" name="startExtent" is-config="true" duration-ms="0" started-at="2019-03-28T16:54:47Z" finished-at="2019-03-28T16:54:47Z">
          <reporter-output>
          </reporter-output>
        </test-method> <!-- startExtent -->
        <test-method status="SKIP" signature="TestCustomerStoriesButton()[pri:0, instance:TestGithubHomePage@617c74e5]" name="TestCustomerStoriesButton" duration-ms="0" started-at="2019-03-28T16:54:47Z" finished-at="2019-03-28T16:54:47Z">
          <reporter-output>
          </reporter-output>
        </test-method> <!-- TestCustomerStoriesButton -->
        <test-method status="SKIP" signature="TestContactSalesForInfoButton()[pri:0, instance:TestGithubHomePage@617c74e5]" name="TestContactSalesForInfoButton" duration-ms="0" started-at="2019-03-28T16:54:47Z" finished-at="2019-03-28T16:54:47Z">
          <reporter-output>
          </reporter-output>
        </test-method> <!-- TestContactSalesForInfoButton -->
        <test-method status="SKIP" signature="afterEachTestMethod(org.testng.ITestResult)[pri:0, instance:TestGithubHomePage@617c74e5]" name="afterEachTestMethod" is-config="true" duration-ms="0" started-at="2019-03-28T16:54:47Z" finished-at="2019-03-28T16:54:47Z">
          <reporter-output>
          </reporter-output>
        </test-method> <!-- afterEachTestMethod -->
        <test-method status="SKIP" signature="afterEachTestMethod(org.testng.ITestResult)[pri:0, instance:TestGithubHomePage@617c74e5]" name="afterEachTestMethod" is-config="true" duration-ms="0" started-at="2019-03-28T16:54:47Z" finished-at="2019-03-28T16:54:47Z">
          <reporter-output>
          </reporter-output>
        </test-method> <!-- afterEachTestMethod -->
        <test-method status="SKIP" signature="startExtent(java.lang.reflect.Method)[pri:0, instance:TestGithubHomePage@617c74e5]" name="startExtent" is-config="true" duration-ms="0" started-at="2019-03-28T16:54:47Z" finished-at="2019-03-28T16:54:47Z">
          <reporter-output>
          </reporter-output>
        </test-method> <!-- startExtent -->
        <test-method status="SKIP" signature="startExtent(java.lang.reflect.Method)[pri:0, instance:TestGithubHomePage@617c74e5]" name="startExtent" is-config="true" duration-ms="0" started-at="2019-03-28T16:54:47Z" finished-at="2019-03-28T16:54:47Z">
          <reporter-output>
          </reporter-output>
        </test-method> <!-- startExtent -->
        <test-method status="SKIP" signature="afterEachTestMethod(org.testng.ITestResult)[pri:0, instance:TestGithubHomePage@617c74e5]" name="afterEachTestMethod" is-config="true" duration-ms="0" started-at="2019-03-28T16:54:47Z" finished-at="2019-03-28T16:54:47Z">
          <reporter-output>
          </reporter-output>
        </test-method> <!-- afterEachTestMethod -->
        <test-method status="SKIP" signature="TestDeveloperAPIButton()[pri:0, instance:TestGithubHomePage@617c74e5]" name="TestDeveloperAPIButton" duration-ms="0" started-at="2019-03-28T16:54:47Z" finished-at="2019-03-28T16:54:47Z">
          <reporter-output>
          </reporter-output>
        </test-method> <!-- TestDeveloperAPIButton -->
        <test-method status="SKIP" signature="startExtent(java.lang.reflect.Method)[pri:0, instance:TestGithubHomePage@617c74e5]" name="startExtent" is-config="true" duration-ms="0" started-at="2019-03-28T16:54:47Z" finished-at="2019-03-28T16:54:47Z">
          <reporter-output>
          </reporter-output>
        </test-method> <!-- startExtent -->
        <test-method status="SKIP" signature="TestDropDownWhyButton()[pri:0, instance:TestGithubHomePage@617c74e5]" name="TestDropDownWhyButton" duration-ms="0" started-at="2019-03-28T16:54:47Z" finished-at="2019-03-28T16:54:47Z">
          <reporter-output>
          </reporter-output>
        </test-method> <!-- TestDropDownWhyButton -->
        <test-method status="SKIP" signature="afterEachTestMethod(org.testng.ITestResult)[pri:0, instance:TestGithubHomePage@617c74e5]" name="afterEachTestMethod" is-config="true" duration-ms="0" started-at="2019-03-28T16:54:47Z" finished-at="2019-03-28T16:54:47Z">
          <reporter-output>
          </reporter-output>
        </test-method> <!-- afterEachTestMethod -->
        <test-method status="SKIP" signature="TestElectronButton()[pri:0, instance:TestGithubHomePage@617c74e5]" name="TestElectronButton" duration-ms="0" started-at="2019-03-28T16:54:47Z" finished-at="2019-03-28T16:54:47Z">
          <reporter-output>
          </reporter-output>
        </test-method> <!-- TestElectronButton -->
        <test-method status="SKIP" signature="afterEachTestMethod(org.testng.ITestResult)[pri:0, instance:TestGithubHomePage@617c74e5]" name="afterEachTestMethod" is-config="true" duration-ms="0" started-at="2019-03-28T16:54:47Z" finished-at="2019-03-28T16:54:47Z">
          <reporter-output>
          </reporter-output>
        </test-method> <!-- afterEachTestMethod -->
        <test-method status="SKIP" signature="startExtent(java.lang.reflect.Method)[pri:0, instance:TestGithubHomePage@617c74e5]" name="startExtent" is-config="true" duration-ms="0" started-at="2019-03-28T16:54:47Z" finished-at="2019-03-28T16:54:47Z">
          <reporter-output>
          </reporter-output>
        </test-method> <!-- startExtent -->
        <test-method status="SKIP" signature="startExtent(java.lang.reflect.Method)[pri:0, instance:TestGithubHomePage@617c74e5]" name="startExtent" is-config="true" duration-ms="0" started-at="2019-03-28T16:54:47Z" finished-at="2019-03-28T16:54:47Z">
          <reporter-output>
          </reporter-output>
        </test-method> <!-- startExtent -->
        <test-method status="SKIP" signature="TestEnterprise2Button()[pri:0, instance:TestGithubHomePage@617c74e5]" name="TestEnterprise2Button" duration-ms="0" started-at="2019-03-28T16:54:47Z" finished-at="2019-03-28T16:54:47Z">
          <reporter-output>
          </reporter-output>
        </test-method> <!-- TestEnterprise2Button -->
        <test-method status="SKIP" signature="afterEachTestMethod(org.testng.ITestResult)[pri:0, instance:TestGithubHomePage@617c74e5]" name="afterEachTestMethod" is-config="true" duration-ms="0" started-at="2019-03-28T16:54:47Z" finished-at="2019-03-28T16:54:47Z">
          <reporter-output>
          </reporter-output>
        </test-method> <!-- afterEachTestMethod -->
        <test-method status="SKIP" signature="startExtent(java.lang.reflect.Method)[pri:0, instance:TestGithubHomePage@617c74e5]" name="startExtent" is-config="true" duration-ms="0" started-at="2019-03-28T16:54:47Z" finished-at="2019-03-28T16:54:47Z">
          <reporter-output>
          </reporter-output>
        </test-method> <!-- startExtent -->
        <test-method status="SKIP" signature="afterEachTestMethod(org.testng.ITestResult)[pri:0, instance:TestGithubHomePage@617c74e5]" name="afterEachTestMethod" is-config="true" duration-ms="0" started-at="2019-03-28T16:54:47Z" finished-at="2019-03-28T16:54:47Z">
          <reporter-output>
          </reporter-output>
        </test-method> <!-- afterEachTestMethod -->
        <test-method status="SKIP" signature="TestEnterpriseButton()[pri:0, instance:TestGithubHomePage@617c74e5]" name="TestEnterpriseButton" duration-ms="0" started-at="2019-03-28T16:54:47Z" finished-at="2019-03-28T16:54:47Z">
          <reporter-output>
          </reporter-output>
        </test-method> <!-- TestEnterpriseButton -->
        <test-method status="SKIP" signature="afterEachTestMethod(org.testng.ITestResult)[pri:0, instance:TestGithubHomePage@617c74e5]" name="afterEachTestMethod" is-config="true" duration-ms="0" started-at="2019-03-28T16:54:47Z" finished-at="2019-03-28T16:54:47Z">
          <reporter-output>
          </reporter-output>
        </test-method> <!-- afterEachTestMethod -->
        <test-method status="SKIP" signature="TestGithubTitle()[pri:0, instance:TestGithubHomePage@617c74e5]" name="TestGithubTitle" duration-ms="0" started-at="2019-03-28T16:54:47Z" finished-at="2019-03-28T16:54:47Z">
          <reporter-output>
          </reporter-output>
        </test-method> <!-- TestGithubTitle -->
        <test-method status="SKIP" signature="TestFeatureButton()[pri:0, instance:TestGithubHomePage@617c74e5]" name="TestFeatureButton" duration-ms="0" started-at="2019-03-28T16:54:47Z" finished-at="2019-03-28T16:54:47Z">
          <reporter-output>
          </reporter-output>
        </test-method> <!-- TestFeatureButton -->
        <test-method status="SKIP" signature="startExtent(java.lang.reflect.Method)[pri:0, instance:TestGithubHomePage@617c74e5]" name="startExtent" is-config="true" duration-ms="0" started-at="2019-03-28T16:54:47Z" finished-at="2019-03-28T16:54:47Z">
          <reporter-output>
          </reporter-output>
        </test-method> <!-- startExtent -->
        <test-method status="SKIP" signature="startExtent(java.lang.reflect.Method)[pri:0, instance:TestGithubHomePage@617c74e5]" name="startExtent" is-config="true" duration-ms="0" started-at="2019-03-28T16:54:47Z" finished-at="2019-03-28T16:54:47Z">
          <reporter-output>
          </reporter-output>
        </test-method> <!-- startExtent -->
        <test-method status="SKIP" signature="afterEachTestMethod(org.testng.ITestResult)[pri:0, instance:TestGithubHomePage@617c74e5]" name="afterEachTestMethod" is-config="true" duration-ms="0" started-at="2019-03-28T16:54:47Z" finished-at="2019-03-28T16:54:47Z">
          <reporter-output>
          </reporter-output>
        </test-method> <!-- afterEachTestMethod -->
        <test-method status="SKIP" signature="startExtent(java.lang.reflect.Method)[pri:0, instance:TestGithubHomePage@617c74e5]" name="startExtent" is-config="true" duration-ms="0" started-at="2019-03-28T16:54:47Z" finished-at="2019-03-28T16:54:47Z">
          <reporter-output>
          </reporter-output>
        </test-method> <!-- startExtent -->
        <test-method status="SKIP" signature="TestHelpButton()[pri:0, instance:TestGithubHomePage@617c74e5]" name="TestHelpButton" duration-ms="1" started-at="2019-03-28T16:54:47Z" finished-at="2019-03-28T16:54:47Z">
          <reporter-output>
          </reporter-output>
        </test-method> <!-- TestHelpButton -->
        <test-method status="SKIP" signature="afterEachTestMethod(org.testng.ITestResult)[pri:0, instance:TestGithubHomePage@617c74e5]" name="afterEachTestMethod" is-config="true" duration-ms="0" started-at="2019-03-28T16:54:47Z" finished-at="2019-03-28T16:54:47Z">
          <reporter-output>
          </reporter-output>
        </test-method> <!-- afterEachTestMethod -->
        <test-method status="SKIP" signature="afterEachTestMethod(org.testng.ITestResult)[pri:0, instance:TestGithubHomePage@617c74e5]" name="afterEachTestMethod" is-config="true" duration-ms="0" started-at="2019-03-28T16:54:47Z" finished-at="2019-03-28T16:54:47Z">
          <reporter-output>
          </reporter-output>
        </test-method> <!-- afterEachTestMethod -->
        <test-method status="SKIP" signature="startExtent(java.lang.reflect.Method)[pri:0, instance:TestGithubHomePage@617c74e5]" name="startExtent" is-config="true" duration-ms="0" started-at="2019-03-28T16:54:47Z" finished-at="2019-03-28T16:54:47Z">
          <reporter-output>
          </reporter-output>
        </test-method> <!-- startExtent -->
        <test-method status="SKIP" signature="TestOrStartAFreeTrialOfEnterpriseServerButton()[pri:0, instance:TestGithubHomePage@617c74e5]" name="TestOrStartAFreeTrialOfEnterpriseServerButton" duration-ms="1" started-at="2019-03-28T16:54:47Z" finished-at="2019-03-28T16:54:47Z">
          <reporter-output>
          </reporter-output>
        </test-method> <!-- TestOrStartAFreeTrialOfEnterpriseServerButton -->
        <test-method status="SKIP" signature="startExtent(java.lang.reflect.Method)[pri:0, instance:TestGithubHomePage@617c74e5]" name="startExtent" is-config="true" duration-ms="0" started-at="2019-03-28T16:54:47Z" finished-at="2019-03-28T16:54:47Z">
          <reporter-output>
          </reporter-output>
        </test-method> <!-- startExtent -->
        <test-method status="SKIP" signature="TestMarketplaceButton()[pri:0, instance:TestGithubHomePage@617c74e5]" name="TestMarketplaceButton" duration-ms="0" started-at="2019-03-28T16:54:47Z" finished-at="2019-03-28T16:54:47Z">
          <reporter-output>
          </reporter-output>
        </test-method> <!-- TestMarketplaceButton -->
        <test-method status="SKIP" signature="TestPressButton()[pri:0, instance:TestGithubHomePage@617c74e5]" name="TestPressButton" duration-ms="0" started-at="2019-03-28T16:54:47Z" finished-at="2019-03-28T16:54:47Z">
          <reporter-output>
          </reporter-output>
        </test-method> <!-- TestPressButton -->
        <test-method status="SKIP" signature="afterEachTestMethod(org.testng.ITestResult)[pri:0, instance:TestGithubHomePage@617c74e5]" name="afterEachTestMethod" is-config="true" duration-ms="0" started-at="2019-03-28T16:54:47Z" finished-at="2019-03-28T16:54:47Z">
          <reporter-output>
          </reporter-output>
        </test-method> <!-- afterEachTestMethod -->
        <test-method status="SKIP" signature="afterEachTestMethod(org.testng.ITestResult)[pri:0, instance:TestGithubHomePage@617c74e5]" name="afterEachTestMethod" is-config="true" duration-ms="0" started-at="2019-03-28T16:54:47Z" finished-at="2019-03-28T16:54:47Z">
          <reporter-output>
          </reporter-output>
        </test-method> <!-- afterEachTestMethod -->
        <test-method status="SKIP" signature="afterEachTestMethod(org.testng.ITestResult)[pri:0, instance:TestGithubHomePage@617c74e5]" name="afterEachTestMethod" is-config="true" duration-ms="0" started-at="2019-03-28T16:54:47Z" finished-at="2019-03-28T16:54:47Z">
          <reporter-output>
          </reporter-output>
        </test-method> <!-- afterEachTestMethod -->
        <test-method status="SKIP" signature="startExtent(java.lang.reflect.Method)[pri:0, instance:TestGithubHomePage@617c74e5]" name="startExtent" is-config="true" duration-ms="0" started-at="2019-03-28T16:54:47Z" finished-at="2019-03-28T16:54:47Z">
          <reporter-output>
          </reporter-output>
        </test-method> <!-- startExtent -->
        <test-method status="SKIP" signature="startExtent(java.lang.reflect.Method)[pri:0, instance:TestGithubHomePage@617c74e5]" name="startExtent" is-config="true" duration-ms="0" started-at="2019-03-28T16:54:47Z" finished-at="2019-03-28T16:54:47Z">
          <reporter-output>
          </reporter-output>
        </test-method> <!-- startExtent -->
        <test-method status="SKIP" signature="TestPartnersButton()[pri:0, instance:TestGithubHomePage@617c74e5]" name="TestPartnersButton" duration-ms="0" started-at="2019-03-28T16:54:47Z" finished-at="2019-03-28T16:54:47Z">
          <reporter-output>
          </reporter-output>
        </test-method> <!-- TestPartnersButton -->
        <test-method status="SKIP" signature="afterEachTestMethod(org.testng.ITestResult)[pri:0, instance:TestGithubHomePage@617c74e5]" name="afterEachTestMethod" is-config="true" duration-ms="0" started-at="2019-03-28T16:54:47Z" finished-at="2019-03-28T16:54:47Z">
          <reporter-output>
          </reporter-output>
        </test-method> <!-- afterEachTestMethod -->
        <test-method status="SKIP" signature="TestPricingButton()[pri:0, instance:TestGithubHomePage@617c74e5]" name="TestPricingButton" duration-ms="0" started-at="2019-03-28T16:54:47Z" finished-at="2019-03-28T16:54:47Z">
          <reporter-output>
          </reporter-output>
        </test-method> <!-- TestPricingButton -->
        <test-method status="SKIP" signature="afterEachTestMethod(org.testng.ITestResult)[pri:0, instance:TestGithubHomePage@617c74e5]" name="afterEachTestMethod" is-config="true" duration-ms="0" started-at="2019-03-28T16:54:47Z" finished-at="2019-03-28T16:54:47Z">
          <reporter-output>
          </reporter-output>
        </test-method> <!-- afterEachTestMethod -->
        <test-method status="SKIP" signature="TestResourceButton()[pri:0, instance:TestGithubHomePage@617c74e5]" name="TestResourceButton" duration-ms="0" started-at="2019-03-28T16:54:47Z" finished-at="2019-03-28T16:54:47Z">
          <reporter-output>
          </reporter-output>
        </test-method> <!-- TestResourceButton -->
        <test-method status="SKIP" signature="startExtent(java.lang.reflect.Method)[pri:0, instance:TestGithubHomePage@617c74e5]" name="startExtent" is-config="true" duration-ms="0" started-at="2019-03-28T16:54:47Z" finished-at="2019-03-28T16:54:47Z">
          <reporter-output>
          </reporter-output>
        </test-method> <!-- startExtent -->
        <test-method status="SKIP" signature="startExtent(java.lang.reflect.Method)[pri:0, instance:TestGithubHomePage@617c74e5]" name="startExtent" is-config="true" duration-ms="0" started-at="2019-03-28T16:54:47Z" finished-at="2019-03-28T16:54:47Z">
          <reporter-output>
          </reporter-output>
        </test-method> <!-- startExtent -->
        <test-method status="SKIP" signature="afterEachTestMethod(org.testng.ITestResult)[pri:0, instance:TestGithubHomePage@617c74e5]" name="afterEachTestMethod" is-config="true" duration-ms="0" started-at="2019-03-28T16:54:47Z" finished-at="2019-03-28T16:54:47Z">
          <reporter-output>
          </reporter-output>
        </test-method> <!-- afterEachTestMethod -->
        <test-method status="SKIP" signature="startExtent(java.lang.reflect.Method)[pri:0, instance:TestGithubHomePage@617c74e5]" name="startExtent" is-config="true" duration-ms="0" started-at="2019-03-28T16:54:47Z" finished-at="2019-03-28T16:54:47Z">
          <reporter-output>
          </reporter-output>
        </test-method> <!-- startExtent -->
        <test-method status="SKIP" signature="TestRobotLogoExists()[pri:0, instance:TestGithubHomePage@617c74e5]" name="TestRobotLogoExists" duration-ms="0" started-at="2019-03-28T16:54:47Z" finished-at="2019-03-28T16:54:47Z">
          <reporter-output>
          </reporter-output>
        </test-method> <!-- TestRobotLogoExists -->
        <test-method status="SKIP" signature="startExtent(java.lang.reflect.Method)[pri:0, instance:TestGithubHomePage@617c74e5]" name="startExtent" is-config="true" duration-ms="0" started-at="2019-03-28T16:54:47Z" finished-at="2019-03-28T16:54:47Z">
          <reporter-output>
          </reporter-output>
        </test-method> <!-- startExtent -->
        <test-method status="SKIP" signature="startExtent(java.lang.reflect.Method)[pri:0, instance:TestGithubHomePage@617c74e5]" name="startExtent" is-config="true" duration-ms="0" started-at="2019-03-28T16:54:47Z" finished-at="2019-03-28T16:54:47Z">
          <reporter-output>
          </reporter-output>
        </test-method> <!-- startExtent -->
        <test-method status="SKIP" signature="afterEachTestMethod(org.testng.ITestResult)[pri:0, instance:TestGithubHomePage@617c74e5]" name="afterEachTestMethod" is-config="true" duration-ms="0" started-at="2019-03-28T16:54:47Z" finished-at="2019-03-28T16:54:47Z">
          <reporter-output>
          </reporter-output>
        </test-method> <!-- afterEachTestMethod -->
        <test-method status="SKIP" signature="TestSearchBox()[pri:0, instance:TestGithubHomePage@617c74e5]" name="TestSearchBox" duration-ms="0" started-at="2019-03-28T16:54:47Z" finished-at="2019-03-28T16:54:47Z">
          <reporter-output>
          </reporter-output>
        </test-method> <!-- TestSearchBox -->
        <test-method status="SKIP" signature="TestSearchBoxButton()[pri:0, instance:TestGithubHomePage@617c74e5]" name="TestSearchBoxButton" duration-ms="1" started-at="2019-03-28T16:54:47Z" finished-at="2019-03-28T16:54:47Z">
          <reporter-output>
          </reporter-output>
        </test-method> <!-- TestSearchBoxButton -->
        <test-method status="SKIP" signature="afterEachTestMethod(org.testng.ITestResult)[pri:0, instance:TestGithubHomePage@617c74e5]" name="afterEachTestMethod" is-config="true" duration-ms="0" started-at="2019-03-28T16:54:47Z" finished-at="2019-03-28T16:54:47Z">
          <reporter-output>
          </reporter-output>
        </test-method> <!-- afterEachTestMethod -->
        <test-method status="SKIP" signature="afterEachTestMethod(org.testng.ITestResult)[pri:0, instance:TestGithubHomePage@617c74e5]" name="afterEachTestMethod" is-config="true" duration-ms="0" started-at="2019-03-28T16:54:47Z" finished-at="2019-03-28T16:54:47Z">
          <reporter-output>
          </reporter-output>
        </test-method> <!-- afterEachTestMethod -->
        <test-method status="SKIP" signature="startExtent(java.lang.reflect.Method)[pri:0, instance:TestGithubHomePage@617c74e5]" name="startExtent" is-config="true" duration-ms="0" started-at="2019-03-28T16:54:47Z" finished-at="2019-03-28T16:54:47Z">
          <reporter-output>
          </reporter-output>
        </test-method> <!-- startExtent -->
        <test-method status="SKIP" signature="TestSetSignUpEmailBox()[pri:0, instance:TestGithubHomePage@617c74e5]" name="TestSetSignUpEmailBox" duration-ms="0" started-at="2019-03-28T16:54:47Z" finished-at="2019-03-28T16:54:47Z">
          <reporter-output>
          </reporter-output>
        </test-method> <!-- TestSetSignUpEmailBox -->
        <test-method status="SKIP" signature="afterEachTestMethod(org.testng.ITestResult)[pri:0, instance:TestGithubHomePage@617c74e5]" name="afterEachTestMethod" is-config="true" duration-ms="0" started-at="2019-03-28T16:54:47Z" finished-at="2019-03-28T16:54:47Z">
          <reporter-output>
          </reporter-output>
        </test-method> <!-- afterEachTestMethod -->
        <test-method status="SKIP" signature="startExtent(java.lang.reflect.Method)[pri:0, instance:TestGithubHomePage@617c74e5]" name="startExtent" is-config="true" duration-ms="0" started-at="2019-03-28T16:54:47Z" finished-at="2019-03-28T16:54:47Z">
          <reporter-output>
          </reporter-output>
        </test-method> <!-- startExtent -->
        <test-method status="SKIP" signature="TestSecurityButton()[pri:0, instance:TestGithubHomePage@617c74e5]" name="TestSecurityButton" duration-ms="0" started-at="2019-03-28T16:54:47Z" finished-at="2019-03-28T16:54:47Z">
          <reporter-output>
          </reporter-output>
        </test-method> <!-- TestSecurityButton -->
        <test-method status="SKIP" signature="TestSetSignUpUsernameBox()[pri:0, instance:TestGithubHomePage@617c74e5]" name="TestSetSignUpUsernameBox" duration-ms="3" started-at="2019-03-28T16:54:47Z" finished-at="2019-03-28T16:54:47Z">
          <reporter-output>
          </reporter-output>
        </test-method> <!-- TestSetSignUpUsernameBox -->
        <test-method status="SKIP" signature="startExtent(java.lang.reflect.Method)[pri:0, instance:TestGithubHomePage@617c74e5]" name="startExtent" is-config="true" duration-ms="0" started-at="2019-03-28T16:54:47Z" finished-at="2019-03-28T16:54:47Z">
          <reporter-output>
          </reporter-output>
        </test-method> <!-- startExtent -->
        <test-method status="SKIP" signature="startExtent(java.lang.reflect.Method)[pri:0, instance:TestGithubHomePage@617c74e5]" name="startExtent" is-config="true" duration-ms="0" started-at="2019-03-28T16:54:47Z" finished-at="2019-03-28T16:54:47Z">
          <reporter-output>
          </reporter-output>
        </test-method> <!-- startExtent -->
        <test-method status="SKIP" signature="afterEachTestMethod(org.testng.ITestResult)[pri:0, instance:TestGithubHomePage@617c74e5]" name="afterEachTestMethod" is-config="true" duration-ms="0" started-at="2019-03-28T16:54:47Z" finished-at="2019-03-28T16:54:47Z">
          <reporter-output>
          </reporter-output>
        </test-method> <!-- afterEachTestMethod -->
        <test-method status="SKIP" signature="TestSetSignUpPasswordBox()[pri:0, instance:TestGithubHomePage@617c74e5]" name="TestSetSignUpPasswordBox" duration-ms="0" started-at="2019-03-28T16:54:47Z" finished-at="2019-03-28T16:54:47Z">
          <reporter-output>
          </reporter-output>
        </test-method> <!-- TestSetSignUpPasswordBox -->
        <test-method status="SKIP" signature="afterEachTestMethod(org.testng.ITestResult)[pri:0, instance:TestGithubHomePage@617c74e5]" name="afterEachTestMethod" is-config="true" duration-ms="0" started-at="2019-03-28T16:54:47Z" finished-at="2019-03-28T16:54:47Z">
          <reporter-output>
          </reporter-output>
        </test-method> <!-- afterEachTestMethod -->
        <test-method status="SKIP" signature="TestShopButton()[pri:0, instance:TestGithubHomePage@617c74e5]" name="TestShopButton" duration-ms="0" started-at="2019-03-28T16:54:47Z" finished-at="2019-03-28T16:54:47Z">
          <reporter-output>
          </reporter-output>
        </test-method> <!-- TestShopButton -->
        <test-method status="SKIP" signature="afterEachTestMethod(org.testng.ITestResult)[pri:0, instance:TestGithubHomePage@617c74e5]" name="afterEachTestMethod" is-config="true" duration-ms="0" started-at="2019-03-28T16:54:47Z" finished-at="2019-03-28T16:54:47Z">
          <reporter-output>
          </reporter-output>
        </test-method> <!-- afterEachTestMethod -->
        <test-method status="SKIP" signature="startExtent(java.lang.reflect.Method)[pri:0, instance:TestGithubHomePage@617c74e5]" name="startExtent" is-config="true" duration-ms="0" started-at="2019-03-28T16:54:47Z" finished-at="2019-03-28T16:54:47Z">
          <reporter-output>
          </reporter-output>
        </test-method> <!-- startExtent -->
        <test-method status="SKIP" signature="startExtent(java.lang.reflect.Method)[pri:0, instance:TestGithubHomePage@617c74e5]" name="startExtent" is-config="true" duration-ms="0" started-at="2019-03-28T16:54:47Z" finished-at="2019-03-28T16:54:47Z">
          <reporter-output>
          </reporter-output>
        </test-method> <!-- startExtent -->
        <test-method status="SKIP" signature="afterEachTestMethod(org.testng.ITestResult)[pri:0, instance:TestGithubHomePage@617c74e5]" name="afterEachTestMethod" is-config="true" duration-ms="0" started-at="2019-03-28T16:54:47Z" finished-at="2019-03-28T16:54:47Z">
          <reporter-output>
          </reporter-output>
        </test-method> <!-- afterEachTestMethod -->
        <test-method status="SKIP" signature="afterEachTestMethod(org.testng.ITestResult)[pri:0, instance:TestGithubHomePage@617c74e5]" name="afterEachTestMethod" is-config="true" duration-ms="0" started-at="2019-03-28T16:54:47Z" finished-at="2019-03-28T16:54:47Z">
          <reporter-output>
          </reporter-output>
        </test-method> <!-- afterEachTestMethod -->
        <test-method status="SKIP" signature="TestStatusButton()[pri:0, instance:TestGithubHomePage@617c74e5]" name="TestStatusButton" duration-ms="0" started-at="2019-03-28T16:54:47Z" finished-at="2019-03-28T16:54:47Z">
          <reporter-output>
          </reporter-output>
        </test-method> <!-- TestStatusButton -->
        <test-method status="SKIP" signature="startExtent(java.lang.reflect.Method)[pri:0, instance:TestGithubHomePage@617c74e5]" name="startExtent" is-config="true" duration-ms="0" started-at="2019-03-28T16:54:47Z" finished-at="2019-03-28T16:54:47Z">
          <reporter-output>
          </reporter-output>
        </test-method> <!-- startExtent -->
        <test-method status="SKIP" signature="TestSignUpButton()[pri:0, instance:TestGithubHomePage@617c74e5]" name="TestSignUpButton" duration-ms="0" started-at="2019-03-28T16:54:47Z" finished-at="2019-03-28T16:54:47Z">
          <reporter-output>
          </reporter-output>
        </test-method> <!-- TestSignUpButton -->
        <test-method status="SKIP" signature="TestSignUpYourTeamButton()[pri:0, instance:TestGithubHomePage@617c74e5]" name="TestSignUpYourTeamButton" duration-ms="0" started-at="2019-03-28T16:54:47Z" finished-at="2019-03-28T16:54:47Z">
          <reporter-output>
          </reporter-output>
        </test-method> <!-- TestSignUpYourTeamButton -->
        <test-method status="SKIP" signature="startExtent(java.lang.reflect.Method)[pri:0, instance:TestGithubHomePage@617c74e5]" name="startExtent" is-config="true" duration-ms="0" started-at="2019-03-28T16:54:47Z" finished-at="2019-03-28T16:54:47Z">
          <reporter-output>
          </reporter-output>
        </test-method> <!-- startExtent -->
        <test-method status="SKIP" signature="startExtent(java.lang.reflect.Method)[pri:0, instance:TestGithubHomePage@617c74e5]" name="startExtent" is-config="true" duration-ms="0" started-at="2019-03-28T16:54:47Z" finished-at="2019-03-28T16:54:47Z">
          <reporter-output>
          </reporter-output>
        </test-method> <!-- startExtent -->
        <test-method status="SKIP" signature="TestUsernameEmail()[pri:0, instance:TestGithubHomePage@617c74e5]" name="TestUsernameEmail" duration-ms="0" started-at="2019-03-28T16:54:47Z" finished-at="2019-03-28T16:54:47Z">
          <reporter-output>
          </reporter-output>
        </test-method> <!-- TestUsernameEmail -->
        <test-method status="SKIP" signature="startExtent(java.lang.reflect.Method)[pri:0, instance:TestGithubHomePage@617c74e5]" name="startExtent" is-config="true" duration-ms="0" started-at="2019-03-28T16:54:47Z" finished-at="2019-03-28T16:54:47Z">
          <reporter-output>
          </reporter-output>
        </test-method> <!-- startExtent -->
        <test-method status="SKIP" signature="startExtent(java.lang.reflect.Method)[pri:0, instance:TestGithubHomePage@617c74e5]" name="startExtent" is-config="true" duration-ms="0" started-at="2019-03-28T16:54:47Z" finished-at="2019-03-28T16:54:47Z">
          <reporter-output>
          </reporter-output>
        </test-method> <!-- startExtent -->
        <test-method status="SKIP" signature="TestTrainingButton()[pri:0, instance:TestGithubHomePage@617c74e5]" name="TestTrainingButton" duration-ms="0" started-at="2019-03-28T16:54:47Z" finished-at="2019-03-28T16:54:47Z">
          <reporter-output>
          </reporter-output>
        </test-method> <!-- TestTrainingButton -->
        <test-method status="SKIP" signature="afterEachTestMethod(org.testng.ITestResult)[pri:0, instance:TestGithubHomePage@617c74e5]" name="afterEachTestMethod" is-config="true" duration-ms="0" started-at="2019-03-28T16:54:47Z" finished-at="2019-03-28T16:54:47Z">
          <reporter-output>
          </reporter-output>
        </test-method> <!-- afterEachTestMethod -->
        <test-method status="SKIP" signature="afterEachTestMethod(org.testng.ITestResult)[pri:0, instance:TestGithubHomePage@617c74e5]" name="afterEachTestMethod" is-config="true" duration-ms="0" started-at="2019-03-28T16:54:47Z" finished-at="2019-03-28T16:54:47Z">
          <reporter-output>
          </reporter-output>
        </test-method> <!-- afterEachTestMethod -->
        <test-method status="SKIP" signature="afterEachTestMethod(org.testng.ITestResult)[pri:0, instance:TestGithubHomePage@617c74e5]" name="afterEachTestMethod" is-config="true" duration-ms="0" started-at="2019-03-28T16:54:47Z" finished-at="2019-03-28T16:54:47Z">
          <reporter-output>
          </reporter-output>
        </test-method> <!-- afterEachTestMethod -->
        <test-method status="SKIP" signature="TestUsernamePassword()[pri:0, instance:TestGithubHomePage@617c74e5]" name="TestUsernamePassword" duration-ms="0" started-at="2019-03-28T16:54:47Z" finished-at="2019-03-28T16:54:47Z">
          <reporter-output>
          </reporter-output>
        </test-method> <!-- TestUsernamePassword -->
        <test-method status="SKIP" signature="TestUsernameText()[pri:0, instance:TestGithubHomePage@617c74e5]" name="TestUsernameText" duration-ms="0" started-at="2019-03-28T16:54:47Z" finished-at="2019-03-28T16:54:47Z">
          <reporter-output>
          </reporter-output>
        </test-method> <!-- TestUsernameText -->
        <test-method status="SKIP" signature="afterEachTestMethod(org.testng.ITestResult)[pri:0, instance:TestGithubHomePage@617c74e5]" name="afterEachTestMethod" is-config="true" duration-ms="0" started-at="2019-03-28T16:54:47Z" finished-at="2019-03-28T16:54:47Z">
          <reporter-output>
          </reporter-output>
        </test-method> <!-- afterEachTestMethod -->
        <test-method status="SKIP" signature="cleanUp()[pri:0, instance:TestGithubHomePage@617c74e5]" name="cleanUp" is-config="true" duration-ms="0" started-at="2019-03-28T16:54:47Z" finished-at="2019-03-28T16:54:47Z">
          <reporter-output>
          </reporter-output>
        </test-method> <!-- cleanUp -->
        <test-method status="SKIP" signature="afterEachTestMethod(org.testng.ITestResult)[pri:0, instance:TestGithubHomePage@617c74e5]" name="afterEachTestMethod" is-config="true" duration-ms="0" started-at="2019-03-28T16:54:47Z" finished-at="2019-03-28T16:54:47Z">
          <reporter-output>
          </reporter-output>
        </test-method> <!-- afterEachTestMethod -->
        <test-method status="SKIP" signature="startExtent(java.lang.reflect.Method)[pri:0, instance:TestGithubHomePage@617c74e5]" name="startExtent" is-config="true" duration-ms="0" started-at="2019-03-28T16:54:47Z" finished-at="2019-03-28T16:54:47Z">
          <reporter-output>
          </reporter-output>
        </test-method> <!-- startExtent -->
        <test-method status="SKIP" signature="generateReport()[pri:0, instance:TestGithubHomePage@617c74e5]" name="generateReport" is-config="true" duration-ms="0" started-at="2019-03-28T16:54:47Z" finished-at="2019-03-28T16:54:47Z">
          <reporter-output>
          </reporter-output>
        </test-method> <!-- generateReport -->
      </class> <!-- TestGithubHomePage -->
    </test> <!-- Command line test -->
  </suite> <!-- TestGithubHomePage -->
</testng-results>
