<?xml version="1.0" encoding="UTF-8"?>
<!-- Generated by org.testng.reporters.JUnitXMLReporter -->
<testsuite hostname="Saqibs-MacBook-Pro.local" tests="41" failures="0" timestamp="30 Mar 2019 19:49:36 GMT" time="130.002" errors="0">
  <testcase name="@BeforeClass initialize" time="0.0" classname="TestServicePage">
    <failure type="org.openqa.selenium.TimeoutException" message="timeout
  (Session info: chrome=73.0.3683.86)
  (Driver info: chromedriver=2.46.628411 (3324f4c8be9ff2f70a05a30ebc72ffb013e1a71e),platform=Mac OS X 10.14.3 x86_64) (WARNING: The server did not provide any stacktrace information)
Command duration or timeout: 0 milliseconds
Build info: version: &amp;apos;3.141.59&amp;apos;, revision: &amp;apos;e82be7d358&amp;apos;, time: &amp;apos;2018-11-14T08:17:03&amp;apos;
System info: host: &amp;apos;Saqibs-MacBook-Pro.local&amp;apos;, ip: &amp;apos;fe80:0:0:0:f9:630b:388:f57b%en0&amp;apos;, os.name: &amp;apos;Mac OS X&amp;apos;, os.arch: &amp;apos;x86_64&amp;apos;, os.version: &amp;apos;10.14.3&amp;apos;, java.version: &amp;apos;1.8.0_73&amp;apos;
Driver info: org.openqa.selenium.chrome.ChromeDriver
Capabilities {acceptInsecureCerts: false, acceptSslCerts: false, applicationCacheEnabled: false, browserConnectionEnabled: false, browserName: chrome, chrome: {chromedriverVersion: 2.46.628411 (3324f4c8be9ff2..., userDataDir: /var/folders/x2/7d20k9ks6j7...}, cssSelectorsEnabled: true, databaseEnabled: false, goog:chromeOptions: {debuggerAddress: localhost:50009}, handlesAlerts: true, hasTouchScreen: false, javascriptEnabled: true, locationContextEnabled: true, mobileEmulationEnabled: false, nativeEvents: true, networkConnectionEnabled: false, pageLoadStrategy: normal, platform: MAC, platformName: MAC, proxy: Proxy(), rotatable: false, setWindowRect: true, strictFileInteractability: false, takesHeapSnapshot: true, takesScreenshot: true, timeouts: {implicit: 0, pageLoad: 300000, script: 30000}, unexpectedAlertBehaviour: ignore, unhandledPromptBehavior: ignore, version: 73.0.3683.86, webStorageEnabled: true}
Session ID: c1bb78f7f94aa97b48460ebae161a43c">
      <![CDATA[org.openqa.selenium.TimeoutException: timeout
  (Session info: chrome=73.0.3683.86)
  (Driver info: chromedriver=2.46.628411 (3324f4c8be9ff2f70a05a30ebc72ffb013e1a71e),platform=Mac OS X 10.14.3 x86_64) (WARNING: The server did not provide any stacktrace information)
Command duration or timeout: 0 milliseconds
Build info: version: '3.141.59', revision: 'e82be7d358', time: '2018-11-14T08:17:03'
System info: host: 'Saqibs-MacBook-Pro.local', ip: 'fe80:0:0:0:f9:630b:388:f57b%en0', os.name: 'Mac OS X', os.arch: 'x86_64', os.version: '10.14.3', java.version: '1.8.0_73'
Driver info: org.openqa.selenium.chrome.ChromeDriver
Capabilities {acceptInsecureCerts: false, acceptSslCerts: false, applicationCacheEnabled: false, browserConnectionEnabled: false, browserName: chrome, chrome: {chromedriverVersion: 2.46.628411 (3324f4c8be9ff2..., userDataDir: /var/folders/x2/7d20k9ks6j7...}, cssSelectorsEnabled: true, databaseEnabled: false, goog:chromeOptions: {debuggerAddress: localhost:50009}, handlesAlerts: true, hasTouchScreen: false, javascriptEnabled: true, locationContextEnabled: true, mobileEmulationEnabled: false, nativeEvents: true, networkConnectionEnabled: false, pageLoadStrategy: normal, platform: MAC, platformName: MAC, proxy: Proxy(), rotatable: false, setWindowRect: true, strictFileInteractability: false, takesHeapSnapshot: true, takesScreenshot: true, timeouts: {implicit: 0, pageLoad: 300000, script: 30000}, unexpectedAlertBehaviour: ignore, unhandledPromptBehavior: ignore, version: 73.0.3683.86, webStorageEnabled: true}
Session ID: c1bb78f7f94aa97b48460ebae161a43c
	at org.openqa.selenium.remote.ErrorHandler.createThrowable(ErrorHandler.java:214)
	at org.openqa.selenium.remote.ErrorHandler.throwIfResponseFailed(ErrorHandler.java:166)
	at org.openqa.selenium.remote.http.JsonHttpResponseCodec.reconstructValue(JsonHttpResponseCodec.java:40)
	at org.openqa.selenium.remote.http.AbstractHttpResponseCodec.decode(AbstractHttpResponseCodec.java:80)
	at org.openqa.selenium.remote.http.AbstractHttpResponseCodec.decode(AbstractHttpResponseCodec.java:44)
	at org.openqa.selenium.remote.HttpCommandExecutor.execute(HttpCommandExecutor.java:158)
	at org.openqa.selenium.remote.service.DriverCommandExecutor.execute(DriverCommandExecutor.java:83)
	at org.openqa.selenium.remote.RemoteWebDriver.execute(RemoteWebDriver.java:552)
	at org.openqa.selenium.remote.RemoteWebDriver.get(RemoteWebDriver.java:277)
	at org.openqa.selenium.remote.RemoteWebDriver$RemoteNavigation.to(RemoteWebDriver.java:857)
	at TestServicePage.initialize(TestServicePage.java:14)
... Removed 38 stack frames]]>
    </failure>
  </testcase> <!-- @BeforeClass initialize -->
  <testcase name="@BeforeMethod startExtent" time="0.0" classname="TestServicePage">
    <skipped/>
  </testcase> <!-- @BeforeMethod startExtent -->
  <testcase name="@AfterMethod afterEachTestMethod" time="0.0" classname="TestServicePage">
    <skipped/>
  </testcase> <!-- @AfterMethod afterEachTestMethod -->
  <testcase name="@BeforeClass setUp" time="0.0" classname="TestSignInPage">
    <skipped/>
  </testcase> <!-- @BeforeClass setUp -->
  <testcase name="@BeforeClass initialize" time="0.0" classname="TestSignInPage">
    <skipped/>
  </testcase> <!-- @BeforeClass initialize -->
  <testcase name="@BeforeMethod startExtent" time="0.0" classname="TestSignInPage">
    <skipped/>
  </testcase> <!-- @BeforeMethod startExtent -->
  <testcase name="@AfterMethod afterEachTestMethod" time="0.0" classname="TestSignInPage">
    <skipped/>
  </testcase> <!-- @AfterMethod afterEachTestMethod -->
  <testcase name="@BeforeMethod startExtent" time="0.0" classname="TestHomePage">
    <skipped/>
  </testcase> <!-- @BeforeMethod startExtent -->
  <testcase name="@BeforeMethod initialize" time="0.0" classname="TestHomePage">
    <skipped/>
  </testcase> <!-- @BeforeMethod initialize -->
  <testcase name="@AfterMethod afterEachTestMethod" time="0.0" classname="TestHomePage">
    <skipped/>
  </testcase> <!-- @AfterMethod afterEachTestMethod -->
  <testcase name="@BeforeMethod startExtent" time="0.0" classname="TestMembershipClass">
    <skipped/>
  </testcase> <!-- @BeforeMethod startExtent -->
  <testcase name="@AfterMethod afterEachTestMethod" time="0.0" classname="TestMembershipClass">
    <skipped/>
  </testcase> <!-- @AfterMethod afterEachTestMethod -->
  <testcase name="@BeforeMethod startExtent" time="0.0" classname="TestRegisterPage">
    <skipped/>
  </testcase> <!-- @BeforeMethod startExtent -->
  <testcase name="@AfterMethod afterEachTestMethod" time="0.0" classname="TestRegisterPage">
    <skipped/>
  </testcase> <!-- @AfterMethod afterEachTestMethod -->
  <testcase name="@BeforeMethod startExtent" time="0.0" classname="TestServicePage">
    <skipped/>
  </testcase> <!-- @BeforeMethod startExtent -->
  <testcase name="@AfterMethod afterEachTestMethod" time="0.0" classname="TestServicePage">
    <skipped/>
  </testcase> <!-- @AfterMethod afterEachTestMethod -->
  <testcase name="@BeforeMethod startExtent" time="0.0" classname="TestSignInPage">
    <skipped/>
  </testcase> <!-- @BeforeMethod startExtent -->
  <testcase name="@AfterMethod afterEachTestMethod" time="0.0" classname="TestSignInPage">
    <skipped/>
  </testcase> <!-- @AfterMethod afterEachTestMethod -->
  <testcase name="@BeforeMethod startExtent" time="0.0" classname="TestHomePage">
    <skipped/>
  </testcase> <!-- @BeforeMethod startExtent -->
  <testcase name="@BeforeMethod initialize" time="0.0" classname="TestHomePage">
    <skipped/>
  </testcase> <!-- @BeforeMethod initialize -->
  <testcase name="@AfterMethod afterEachTestMethod" time="0.0" classname="TestHomePage">
    <skipped/>
  </testcase> <!-- @AfterMethod afterEachTestMethod -->
  <testcase name="@BeforeMethod startExtent" time="0.0" classname="TestMembershipClass">
    <skipped/>
  </testcase> <!-- @BeforeMethod startExtent -->
  <testcase name="@AfterMethod afterEachTestMethod" time="0.0" classname="TestMembershipClass">
    <skipped/>
  </testcase> <!-- @AfterMethod afterEachTestMethod -->
  <testcase name="@BeforeMethod startExtent" time="0.0" classname="TestRegisterPage">
    <skipped/>
  </testcase> <!-- @BeforeMethod startExtent -->
  <testcase name="@AfterMethod afterEachTestMethod" time="0.0" classname="TestRegisterPage">
    <skipped/>
  </testcase> <!-- @AfterMethod afterEachTestMethod -->
  <testcase name="@BeforeMethod startExtent" time="0.0" classname="TestServicePage">
    <skipped/>
  </testcase> <!-- @BeforeMethod startExtent -->
  <testcase name="@AfterMethod afterEachTestMethod" time="0.0" classname="TestServicePage">
    <skipped/>
  </testcase> <!-- @AfterMethod afterEachTestMethod -->
  <testcase name="@BeforeMethod startExtent" time="0.0" classname="TestSignInPage">
    <skipped/>
  </testcase> <!-- @BeforeMethod startExtent -->
  <testcase name="@AfterMethod afterEachTestMethod" time="0.0" classname="TestSignInPage">
    <skipped/>
  </testcase> <!-- @AfterMethod afterEachTestMethod -->
  <testcase name="@BeforeMethod startExtent" time="0.0" classname="TestHomePage">
    <skipped/>
  </testcase> <!-- @BeforeMethod startExtent -->
  <testcase name="@BeforeMethod initialize" time="0.0" classname="TestHomePage">
    <skipped/>
  </testcase> <!-- @BeforeMethod initialize -->
  <testcase name="@AfterMethod afterEachTestMethod" time="0.0" classname="TestHomePage">
    <skipped/>
  </testcase> <!-- @AfterMethod afterEachTestMethod -->
  <testcase name="@BeforeMethod startExtent" time="0.0" classname="TestMembershipClass">
    <skipped/>
  </testcase> <!-- @BeforeMethod startExtent -->
  <testcase name="@AfterMethod afterEachTestMethod" time="0.0" classname="TestMembershipClass">
    <skipped/>
  </testcase> <!-- @AfterMethod afterEachTestMethod -->
  <testcase name="@AfterClass cleanUp" time="0.0" classname="TestMembershipClass">
    <skipped/>
  </testcase> <!-- @AfterClass cleanUp -->
  <testcase name="@BeforeMethod startExtent" time="0.0" classname="TestRegisterPage">
    <skipped/>
  </testcase> <!-- @BeforeMethod startExtent -->
  <testcase name="@AfterMethod afterEachTestMethod" time="0.0" classname="TestRegisterPage">
    <skipped/>
  </testcase> <!-- @AfterMethod afterEachTestMethod -->
  <testcase name="@BeforeMethod startExtent" time="0.0" classname="TestServicePage">
    <skipped/>
  </testcase> <!-- @BeforeMethod startExtent -->
  <testcase name="@AfterMethod afterEachTestMethod" time="0.0" classname="TestServicePage">
    <skipped/>
  </testcase> <!-- @AfterMethod afterEachTestMethod -->
  <testcase name="@BeforeMethod startExtent" time="0.0" classname="TestSignInPage">
    <skipped/>
  </testcase> <!-- @BeforeMethod startExtent -->
  <testcase name="@AfterMethod afterEachTestMethod" time="0.0" classname="TestSignInPage">
    <skipped/>
  </testcase> <!-- @AfterMethod afterEachTestMethod -->
  <testcase name="@BeforeMethod startExtent" time="0.0" classname="TestHomePage">
    <skipped/>
  </testcase> <!-- @BeforeMethod startExtent -->
  <testcase name="@BeforeMethod initialize" time="0.0" classname="TestHomePage">
    <skipped/>
  </testcase> <!-- @BeforeMethod initialize -->
  <testcase name="@AfterMethod afterEachTestMethod" time="0.0" classname="TestHomePage">
    <skipped/>
  </testcase> <!-- @AfterMethod afterEachTestMethod -->
  <testcase name="@BeforeMethod startExtent" time="0.0" classname="TestRegisterPage">
    <skipped/>
  </testcase> <!-- @BeforeMethod startExtent -->
  <testcase name="@AfterMethod afterEachTestMethod" time="0.0" classname="TestRegisterPage">
    <skipped/>
  </testcase> <!-- @AfterMethod afterEachTestMethod -->
  <testcase name="@BeforeMethod startExtent" time="0.0" classname="TestServicePage">
    <skipped/>
  </testcase> <!-- @BeforeMethod startExtent -->
  <testcase name="@AfterMethod afterEachTestMethod" time="0.0" classname="TestServicePage">
    <skipped/>
  </testcase> <!-- @AfterMethod afterEachTestMethod -->
  <testcase name="@BeforeMethod startExtent" time="0.0" classname="TestSignInPage">
    <skipped/>
  </testcase> <!-- @BeforeMethod startExtent -->
  <testcase name="@AfterMethod afterEachTestMethod" time="0.0" classname="TestSignInPage">
    <skipped/>
  </testcase> <!-- @AfterMethod afterEachTestMethod -->
  <testcase name="@AfterClass cleanUp" time="0.0" classname="TestSignInPage">
    <skipped/>
  </testcase> <!-- @AfterClass cleanUp -->
  <testcase name="@BeforeMethod startExtent" time="0.0" classname="TestHomePage">
    <skipped/>
  </testcase> <!-- @BeforeMethod startExtent -->
  <testcase name="@BeforeMethod initialize" time="0.0" classname="TestHomePage">
    <skipped/>
  </testcase> <!-- @BeforeMethod initialize -->
  <testcase name="@AfterMethod afterEachTestMethod" time="0.0" classname="TestHomePage">
    <skipped/>
  </testcase> <!-- @AfterMethod afterEachTestMethod -->
  <testcase name="@BeforeMethod startExtent" time="0.0" classname="TestRegisterPage">
    <skipped/>
  </testcase> <!-- @BeforeMethod startExtent -->
  <testcase name="@AfterMethod afterEachTestMethod" time="0.0" classname="TestRegisterPage">
    <skipped/>
  </testcase> <!-- @AfterMethod afterEachTestMethod -->
  <testcase name="@AfterClass cleanUp" time="0.0" classname="TestRegisterPage">
    <skipped/>
  </testcase> <!-- @AfterClass cleanUp -->
  <testcase name="@BeforeMethod startExtent" time="0.0" classname="TestServicePage">
    <skipped/>
  </testcase> <!-- @BeforeMethod startExtent -->
  <testcase name="@AfterMethod afterEachTestMethod" time="0.0" classname="TestServicePage">
    <skipped/>
  </testcase> <!-- @AfterMethod afterEachTestMethod -->
  <testcase name="@BeforeMethod startExtent" time="0.0" classname="TestHomePage">
    <skipped/>
  </testcase> <!-- @BeforeMethod startExtent -->
  <testcase name="@BeforeMethod initialize" time="0.0" classname="TestHomePage">
    <skipped/>
  </testcase> <!-- @BeforeMethod initialize -->
  <testcase name="@AfterMethod afterEachTestMethod" time="0.0" classname="TestHomePage">
    <skipped/>
  </testcase> <!-- @AfterMethod afterEachTestMethod -->
  <testcase name="@BeforeMethod startExtent" time="0.0" classname="TestServicePage">
    <skipped/>
  </testcase> <!-- @BeforeMethod startExtent -->
  <testcase name="@AfterMethod afterEachTestMethod" time="0.0" classname="TestServicePage">
    <skipped/>
  </testcase> <!-- @AfterMethod afterEachTestMethod -->
  <testcase name="@BeforeMethod startExtent" time="0.0" classname="TestHomePage">
    <skipped/>
  </testcase> <!-- @BeforeMethod startExtent -->
  <testcase name="@BeforeMethod initialize" time="0.0" classname="TestHomePage">
    <skipped/>
  </testcase> <!-- @BeforeMethod initialize -->
  <testcase name="@AfterMethod afterEachTestMethod" time="0.0" classname="TestHomePage">
    <skipped/>
  </testcase> <!-- @AfterMethod afterEachTestMethod -->
  <testcase name="@BeforeMethod startExtent" time="0.0" classname="TestServicePage">
    <skipped/>
  </testcase> <!-- @BeforeMethod startExtent -->
  <testcase name="@AfterMethod afterEachTestMethod" time="0.0" classname="TestServicePage">
    <skipped/>
  </testcase> <!-- @AfterMethod afterEachTestMethod -->
  <testcase name="@AfterClass cleanUp" time="0.0" classname="TestServicePage">
    <skipped/>
  </testcase> <!-- @AfterClass cleanUp -->
  <testcase name="@BeforeMethod startExtent" time="0.0" classname="TestHomePage">
    <skipped/>
  </testcase> <!-- @BeforeMethod startExtent -->
  <testcase name="@BeforeMethod initialize" time="0.0" classname="TestHomePage">
    <skipped/>
  </testcase> <!-- @BeforeMethod initialize -->
  <testcase name="@AfterMethod afterEachTestMethod" time="0.0" classname="TestHomePage">
    <skipped/>
  </testcase> <!-- @AfterMethod afterEachTestMethod -->
  <testcase name="@BeforeMethod startExtent" time="0.0" classname="TestHomePage">
    <skipped/>
  </testcase> <!-- @BeforeMethod startExtent -->
  <testcase name="@BeforeMethod initialize" time="0.0" classname="TestHomePage">
    <skipped/>
  </testcase> <!-- @BeforeMethod initialize -->
  <testcase name="@AfterMethod afterEachTestMethod" time="0.0" classname="TestHomePage">
    <skipped/>
  </testcase> <!-- @AfterMethod afterEachTestMethod -->
  <testcase name="@BeforeMethod startExtent" time="0.0" classname="TestHomePage">
    <skipped/>
  </testcase> <!-- @BeforeMethod startExtent -->
  <testcase name="@BeforeMethod initialize" time="0.0" classname="TestHomePage">
    <skipped/>
  </testcase> <!-- @BeforeMethod initialize -->
  <testcase name="@AfterMethod afterEachTestMethod" time="0.0" classname="TestHomePage">
    <skipped/>
  </testcase> <!-- @AfterMethod afterEachTestMethod -->
  <testcase name="@BeforeMethod startExtent" time="0.0" classname="TestHomePage">
    <skipped/>
  </testcase> <!-- @BeforeMethod startExtent -->
  <testcase name="@BeforeMethod initialize" time="0.0" classname="TestHomePage">
    <skipped/>
  </testcase> <!-- @BeforeMethod initialize -->
  <testcase name="@AfterMethod afterEachTestMethod" time="0.0" classname="TestHomePage">
    <skipped/>
  </testcase> <!-- @AfterMethod afterEachTestMethod -->
  <testcase name="@BeforeMethod startExtent" time="0.0" classname="TestHomePage">
    <skipped/>
  </testcase> <!-- @BeforeMethod startExtent -->
  <testcase name="@BeforeMethod initialize" time="0.0" classname="TestHomePage">
    <skipped/>
  </testcase> <!-- @BeforeMethod initialize -->
  <testcase name="@AfterMethod afterEachTestMethod" time="0.0" classname="TestHomePage">
    <skipped/>
  </testcase> <!-- @AfterMethod afterEachTestMethod -->
  <testcase name="@BeforeMethod startExtent" time="0.0" classname="TestHomePage">
    <skipped/>
  </testcase> <!-- @BeforeMethod startExtent -->
  <testcase name="@BeforeMethod initialize" time="0.0" classname="TestHomePage">
    <skipped/>
  </testcase> <!-- @BeforeMethod initialize -->
  <testcase name="@AfterMethod afterEachTestMethod" time="0.0" classname="TestHomePage">
    <skipped/>
  </testcase> <!-- @AfterMethod afterEachTestMethod -->
  <testcase name="@BeforeMethod startExtent" time="0.0" classname="TestHomePage">
    <skipped/>
  </testcase> <!-- @BeforeMethod startExtent -->
  <testcase name="@BeforeMethod initialize" time="0.0" classname="TestHomePage">
    <skipped/>
  </testcase> <!-- @BeforeMethod initialize -->
  <testcase name="@AfterMethod afterEachTestMethod" time="0.0" classname="TestHomePage">
    <skipped/>
  </testcase> <!-- @AfterMethod afterEachTestMethod -->
  <testcase name="@BeforeMethod startExtent" time="0.0" classname="TestHomePage">
    <skipped/>
  </testcase> <!-- @BeforeMethod startExtent -->
  <testcase name="@BeforeMethod initialize" time="0.0" classname="TestHomePage">
    <skipped/>
  </testcase> <!-- @BeforeMethod initialize -->
  <testcase name="@AfterMethod afterEachTestMethod" time="0.0" classname="TestHomePage">
    <skipped/>
  </testcase> <!-- @AfterMethod afterEachTestMethod -->
  <testcase name="@AfterClass cleanUp" time="0.0" classname="TestHomePage">
    <skipped/>
  </testcase> <!-- @AfterClass cleanUp -->
  <testcase name="TestLocationTitle" time="10.934" classname="TestLocationsPage"/>
  <testcase name="searchZipCode" time="14.821" classname="TestLocationsPage"/>
  <testcase name="testCostcoLogo" time="0.048" classname="TestHomePage"/>
  <testcase name="membershipPageTitle" time="12.151" classname="TestMembershipClass"/>
  <testcase name="testRegisterPageTitle" time="14.226" classname="TestRegisterPage"/>
  <testcase name="testServicePageTitle" time="0.001" classname="TestServicePage">
    <skipped/>
  </testcase> <!-- testServicePageTitle -->
  <testcase name="testSignInTitle" time="0.0" classname="TestSignInPage">
    <skipped/>
  </testcase> <!-- testSignInTitle -->
  <testcase name="testGroceryUrl" time="0.0" classname="TestHomePage">
    <skipped/>
  </testcase> <!-- testGroceryUrl -->
  <testcase name="TestWhyBecomeMember" time="0.0" classname="TestMembershipClass">
    <skipped/>
  </testcase> <!-- TestWhyBecomeMember -->
  <testcase name="testEmailBar" time="0.0" classname="TestRegisterPage">
    <skipped/>
  </testcase> <!-- testEmailBar -->
  <testcase name="testHomeTab" time="0.0" classname="TestServicePage">
    <skipped/>
  </testcase> <!-- testHomeTab -->
  <testcase name="testSignInButton" time="0.0" classname="TestSignInPage">
    <skipped/>
  </testcase> <!-- testSignInButton -->
  <testcase name="testOpticalUrl" time="0.0" classname="TestHomePage">
    <skipped/>
  </testcase> <!-- testOpticalUrl -->
  <testcase name="WhyBecomeMemberTitle" time="0.001" classname="TestMembershipClass">
    <skipped/>
  </testcase> <!-- WhyBecomeMemberTitle -->
  <testcase name="testPasswordBar" time="0.0" classname="TestRegisterPage">
    <skipped/>
  </testcase> <!-- testPasswordBar -->
  <testcase name="testBusinessTab" time="0.0" classname="TestServicePage">
    <skipped/>
  </testcase> <!-- testBusinessTab -->
  <testcase name="enterEmail" time="0.002" classname="TestSignInPage">
    <skipped/>
  </testcase> <!-- enterEmail -->
  <testcase name="testPharmacy" time="0.0" classname="TestHomePage">
    <skipped/>
  </testcase> <!-- testPharmacy -->
  <testcase name="TestTermsAndConditions" time="0.0" classname="TestMembershipClass">
    <skipped/>
  </testcase> <!-- TestTermsAndConditions -->
  <testcase name="enterEmailandPassword" time="0.0" classname="TestRegisterPage">
    <skipped/>
  </testcase> <!-- enterEmailandPassword -->
  <testcase name="testLifeTab" time="0.0" classname="TestServicePage">
    <skipped/>
  </testcase> <!-- testLifeTab -->
  <testcase name="enterPassword" time="0.001" classname="TestSignInPage">
    <skipped/>
  </testcase> <!-- enterPassword -->
  <testcase name="testBusinessDelivery" time="0.0" classname="TestHomePage">
    <skipped/>
  </testcase> <!-- testBusinessDelivery -->
  <testcase name="emailPasswordMemberId" time="0.0" classname="TestRegisterPage">
    <skipped/>
  </testcase> <!-- emailPasswordMemberId -->
  <testcase name="testAutoHomeInsurance" time="0.0" classname="TestServicePage">
    <skipped/>
  </testcase> <!-- testAutoHomeInsurance -->
  <testcase name="TestForgetPassword" time="0.0" classname="TestSignInPage">
    <skipped/>
  </testcase> <!-- TestForgetPassword -->
  <testcase name="testServicesUrl" time="0.001" classname="TestHomePage">
    <skipped/>
  </testcase> <!-- testServicesUrl -->
  <testcase name="testBuyMembershipTab" time="0.0" classname="TestRegisterPage">
    <skipped/>
  </testcase> <!-- testBuyMembershipTab -->
  <testcase name="testCancelBtn" time="0.0" classname="TestServicePage">
    <skipped/>
  </testcase> <!-- testCancelBtn -->
  <testcase name="testCostcoFbook" time="0.001" classname="TestHomePage">
    <skipped/>
  </testcase> <!-- testCostcoFbook -->
  <testcase name="testVideoTab" time="0.0" classname="TestServicePage">
    <skipped/>
  </testcase> <!-- testVideoTab -->
  <testcase name="testCostcoPinterest" time="0.0" classname="TestHomePage">
    <skipped/>
  </testcase> <!-- testCostcoPinterest -->
  <testcase name="testExternalLinkBtn" time="0.0" classname="TestServicePage">
    <skipped/>
  </testcase> <!-- testExternalLinkBtn -->
  <testcase name="testHomepageTitle" time="0.0" classname="TestHomePage">
    <skipped/>
  </testcase> <!-- testHomepageTitle -->
  <testcase name="clickCategoriesTest" time="0.0" classname="TestHomePage">
    <skipped/>
  </testcase> <!-- clickCategoriesTest -->
  <testcase name="search" time="0.0" classname="TestHomePage">
    <skipped/>
  </testcase> <!-- search -->
  <testcase name="testCustomerService" time="0.0" classname="TestHomePage">
    <skipped/>
  </testcase> <!-- testCustomerService -->
  <testcase name="searchMacbook" time="0.0" classname="TestHomePage">
    <skipped/>
  </testcase> <!-- searchMacbook -->
  <testcase name="clickLocationsTab" time="0.0" classname="TestHomePage">
    <skipped/>
  </testcase> <!-- clickLocationsTab -->
  <testcase name="testDropDown" time="0.0" classname="TestHomePage">
    <skipped/>
  </testcase> <!-- testDropDown -->
  <testcase name="searchInGrocery" time="0.0" classname="TestHomePage">
    <skipped/>
  </testcase> <!-- searchInGrocery -->
</testsuite>
