<?xml version="1.0" encoding="UTF-8"?>
<testng-results skipped="36" failed="0" total="41" passed="5">
  <reporter-output>
    <line>
      <![CDATA[Extent Report Directory/Users/Saqib/Desktop/AutomationFrameworkGroup2/Costco.com/target/surefire-reports/html]]>
    </line>
  </reporter-output>
  <suite name="Command line suite" duration-ms="130002" started-at="2019-03-30T19:47:21Z" finished-at="2019-03-30T19:49:31Z">
    <groups>
    </groups>
    <test name="Command line test" duration-ms="130002" started-at="2019-03-30T19:47:21Z" finished-at="2019-03-30T19:49:31Z">
      <class name="TestSignInPage">
        <test-method status="SKIP" signature="startExtent(java.lang.reflect.Method)[pri:0, instance:TestSignInPage@5056dfcb]" name="startExtent" is-config="true" duration-ms="0" started-at="2019-03-30T15:49:31Z" finished-at="2019-03-30T15:49:31Z">
          <reporter-output>
          </reporter-output>
        </test-method> <!-- startExtent -->
        <test-method status="SKIP" signature="setUp(boolean, java.lang.String, java.lang.String, java.lang.String, java.lang.String, java.lang.String, java.lang.String)[pri:0, instance:TestSignInPage@5056dfcb]" name="setUp" is-config="true" duration-ms="0" started-at="2019-03-30T15:49:31Z" finished-at="2019-03-30T15:49:31Z">
          <reporter-output>
          </reporter-output>
        </test-method> <!-- setUp -->
        <test-method status="SKIP" signature="initialize()[pri:0, instance:TestSignInPage@5056dfcb]" name="initialize" is-config="true" duration-ms="0" started-at="2019-03-30T15:49:31Z" finished-at="2019-03-30T15:49:31Z">
          <reporter-output>
          </reporter-output>
        </test-method> <!-- initialize -->
        <test-method status="SKIP" signature="afterEachTestMethod(org.testng.ITestResult)[pri:0, instance:TestSignInPage@5056dfcb]" name="afterEachTestMethod" is-config="true" duration-ms="0" started-at="2019-03-30T15:49:31Z" finished-at="2019-03-30T15:49:31Z">
          <reporter-output>
          </reporter-output>
        </test-method> <!-- afterEachTestMethod -->
        <test-method status="SKIP" signature="testSignInTitle()[pri:0, instance:TestSignInPage@5056dfcb]" name="testSignInTitle" duration-ms="0" started-at="2019-03-30T15:49:31Z" finished-at="2019-03-30T15:49:31Z">
          <reporter-output>
          </reporter-output>
        </test-method> <!-- testSignInTitle -->
        <test-method status="SKIP" signature="testSignInButton()[pri:0, instance:TestSignInPage@5056dfcb]" name="testSignInButton" duration-ms="0" started-at="2019-03-30T15:49:31Z" finished-at="2019-03-30T15:49:31Z">
          <reporter-output>
          </reporter-output>
        </test-method> <!-- testSignInButton -->
        <test-method status="SKIP" signature="afterEachTestMethod(org.testng.ITestResult)[pri:0, instance:TestSignInPage@5056dfcb]" name="afterEachTestMethod" is-config="true" duration-ms="0" started-at="2019-03-30T15:49:31Z" finished-at="2019-03-30T15:49:31Z">
          <reporter-output>
          </reporter-output>
        </test-method> <!-- afterEachTestMethod -->
        <test-method status="SKIP" signature="startExtent(java.lang.reflect.Method)[pri:0, instance:TestSignInPage@5056dfcb]" name="startExtent" is-config="true" duration-ms="0" started-at="2019-03-30T15:49:31Z" finished-at="2019-03-30T15:49:31Z">
          <reporter-output>
          </reporter-output>
        </test-method> <!-- startExtent -->
        <test-method status="SKIP" signature="enterEmail()[pri:0, instance:TestSignInPage@5056dfcb]" name="enterEmail" duration-ms="2" started-at="2019-03-30T15:49:31Z" finished-at="2019-03-30T15:49:31Z">
          <reporter-output>
          </reporter-output>
        </test-method> <!-- enterEmail -->
        <test-method status="SKIP" signature="startExtent(java.lang.reflect.Method)[pri:0, instance:TestSignInPage@5056dfcb]" name="startExtent" is-config="true" duration-ms="0" started-at="2019-03-30T15:49:31Z" finished-at="2019-03-30T15:49:31Z">
          <reporter-output>
          </reporter-output>
        </test-method> <!-- startExtent -->
        <test-method status="SKIP" signature="afterEachTestMethod(org.testng.ITestResult)[pri:0, instance:TestSignInPage@5056dfcb]" name="afterEachTestMethod" is-config="true" duration-ms="0" started-at="2019-03-30T15:49:31Z" finished-at="2019-03-30T15:49:31Z">
          <reporter-output>
          </reporter-output>
        </test-method> <!-- afterEachTestMethod -->
        <test-method status="SKIP" signature="startExtent(java.lang.reflect.Method)[pri:0, instance:TestSignInPage@5056dfcb]" name="startExtent" is-config="true" duration-ms="0" started-at="2019-03-30T15:49:31Z" finished-at="2019-03-30T15:49:31Z">
          <reporter-output>
          </reporter-output>
        </test-method> <!-- startExtent -->
        <test-method status="SKIP" signature="enterPassword()[pri:0, instance:TestSignInPage@5056dfcb]" name="enterPassword" duration-ms="1" started-at="2019-03-30T15:49:31Z" finished-at="2019-03-30T15:49:31Z">
          <reporter-output>
          </reporter-output>
        </test-method> <!-- enterPassword -->
        <test-method status="SKIP" signature="afterEachTestMethod(org.testng.ITestResult)[pri:0, instance:TestSignInPage@5056dfcb]" name="afterEachTestMethod" is-config="true" duration-ms="0" started-at="2019-03-30T15:49:31Z" finished-at="2019-03-30T15:49:31Z">
          <reporter-output>
          </reporter-output>
        </test-method> <!-- afterEachTestMethod -->
        <test-method status="SKIP" signature="cleanUp()[pri:0, instance:TestSignInPage@5056dfcb]" name="cleanUp" is-config="true" duration-ms="0" started-at="2019-03-30T15:49:31Z" finished-at="2019-03-30T15:49:31Z">
          <reporter-output>
          </reporter-output>
        </test-method> <!-- cleanUp -->
        <test-method status="SKIP" signature="startExtent(java.lang.reflect.Method)[pri:0, instance:TestSignInPage@5056dfcb]" name="startExtent" is-config="true" duration-ms="0" started-at="2019-03-30T15:49:31Z" finished-at="2019-03-30T15:49:31Z">
          <reporter-output>
          </reporter-output>
        </test-method> <!-- startExtent -->
        <test-method status="SKIP" signature="afterEachTestMethod(org.testng.ITestResult)[pri:0, instance:TestSignInPage@5056dfcb]" name="afterEachTestMethod" is-config="true" duration-ms="0" started-at="2019-03-30T15:49:31Z" finished-at="2019-03-30T15:49:31Z">
          <reporter-output>
          </reporter-output>
        </test-method> <!-- afterEachTestMethod -->
        <test-method status="SKIP" signature="TestForgetPassword()[pri:0, instance:TestSignInPage@5056dfcb]" name="TestForgetPassword" duration-ms="0" started-at="2019-03-30T15:49:31Z" finished-at="2019-03-30T15:49:31Z">
          <reporter-output>
          </reporter-output>
        </test-method> <!-- TestForgetPassword -->
      </class> <!-- TestSignInPage -->
      <class name="TestLocationsPage">
        <test-method status="PASS" signature="setUp(boolean, java.lang.String, java.lang.String, java.lang.String, java.lang.String, java.lang.String, java.lang.String)[pri:0, instance:TestLocationsPage@2669b199]" name="setUp" is-config="true" duration-ms="1904" started-at="2019-03-30T15:47:21Z" finished-at="2019-03-30T15:47:23Z">
          <params>
            <param index="0">
              <value>
                <![CDATA[false]]>
              </value>
            </param>
            <param index="1">
              <value>
                <![CDATA[false]]>
              </value>
            </param>
            <param index="2">
              <value>
                <![CDATA[OS X]]>
              </value>
            </param>
            <param index="3">
              <value>
                <![CDATA[10]]>
              </value>
            </param>
            <param index="4">
              <value>
                <![CDATA[chrome-options]]>
              </value>
            </param>
            <param index="5">
              <value>
                <![CDATA[34]]>
              </value>
            </param>
            <param index="6">
              <value>
                <![CDATA[http://www.cnn.com/]]>
              </value>
            </param>
          </params>
          <reporter-output>
          </reporter-output>
        </test-method> <!-- setUp -->
        <test-method status="PASS" signature="initialize()[pri:0, instance:TestLocationsPage@2669b199]" name="initialize" is-config="true" duration-ms="8368" started-at="2019-03-30T15:47:23Z" finished-at="2019-03-30T15:47:31Z">
          <reporter-output>
          </reporter-output>
        </test-method> <!-- initialize -->
        <test-method status="PASS" signature="startExtent(java.lang.reflect.Method)[pri:0, instance:TestLocationsPage@2669b199]" name="startExtent" is-config="true" duration-ms="5" started-at="2019-03-30T15:47:31Z" finished-at="2019-03-30T15:47:31Z">
          <params>
            <param index="0">
              <value>
                <![CDATA[public void TestLocationsPage.TestLocationTitle()]]>
              </value>
            </param>
          </params>
          <reporter-output>
          </reporter-output>
        </test-method> <!-- startExtent -->
        <test-method status="PASS" signature="TestLocationTitle()[pri:0, instance:TestLocationsPage@2669b199]" name="TestLocationTitle" duration-ms="10934" started-at="2019-03-30T15:47:31Z" finished-at="2019-03-30T15:47:42Z">
          <reporter-output>
          </reporter-output>
        </test-method> <!-- TestLocationTitle -->
        <test-method status="PASS" signature="afterEachTestMethod(org.testng.ITestResult)[pri:0, instance:TestLocationsPage@2669b199]" name="afterEachTestMethod" is-config="true" duration-ms="398" started-at="2019-03-30T15:47:42Z" finished-at="2019-03-30T15:47:43Z">
          <params>
            <param index="0">
              <value>
                <![CDATA[[TestResult name=TestLocationTitle status=SUCCESS method=TestLocationsPage.TestLocationTitle()[pri:0, instance:TestLocationsPage@2669b199] output={null}]]]>
              </value>
            </param>
          </params>
          <reporter-output>
          </reporter-output>
        </test-method> <!-- afterEachTestMethod -->
        <test-method status="PASS" signature="startExtent(java.lang.reflect.Method)[pri:0, instance:TestLocationsPage@2669b199]" name="startExtent" is-config="true" duration-ms="3" started-at="2019-03-30T15:47:43Z" finished-at="2019-03-30T15:47:43Z">
          <params>
            <param index="0">
              <value>
                <![CDATA[public void TestLocationsPage.searchZipCode() throws java.lang.Exception]]>
              </value>
            </param>
          </params>
          <reporter-output>
          </reporter-output>
        </test-method> <!-- startExtent -->
        <test-method status="PASS" signature="searchZipCode()[pri:0, instance:TestLocationsPage@2669b199]" name="searchZipCode" duration-ms="14821" started-at="2019-03-30T15:47:43Z" finished-at="2019-03-30T15:47:57Z">
          <reporter-output>
          </reporter-output>
        </test-method> <!-- searchZipCode -->
        <test-method status="PASS" signature="afterEachTestMethod(org.testng.ITestResult)[pri:0, instance:TestLocationsPage@2669b199]" name="afterEachTestMethod" is-config="true" duration-ms="50" started-at="2019-03-30T15:47:57Z" finished-at="2019-03-30T15:47:57Z">
          <params>
            <param index="0">
              <value>
                <![CDATA[[TestResult name=searchZipCode status=SUCCESS method=TestLocationsPage.searchZipCode()[pri:0, instance:TestLocationsPage@2669b199] output={null}]]]>
              </value>
            </param>
          </params>
          <reporter-output>
          </reporter-output>
        </test-method> <!-- afterEachTestMethod -->
        <test-method status="PASS" signature="cleanUp()[pri:0, instance:TestLocationsPage@2669b199]" name="cleanUp" is-config="true" duration-ms="218" started-at="2019-03-30T15:47:57Z" finished-at="2019-03-30T15:47:58Z">
          <reporter-output>
          </reporter-output>
        </test-method> <!-- cleanUp -->
      </class> <!-- TestLocationsPage -->
      <class name="TestHomePage">
        <test-method status="PASS" signature="setUp(boolean, java.lang.String, java.lang.String, java.lang.String, java.lang.String, java.lang.String, java.lang.String)[pri:0, instance:TestHomePage@458ad742]" name="setUp" is-config="true" duration-ms="1687" started-at="2019-03-30T15:47:58Z" finished-at="2019-03-30T15:47:59Z">
          <params>
            <param index="0">
              <value>
                <![CDATA[false]]>
              </value>
            </param>
            <param index="1">
              <value>
                <![CDATA[false]]>
              </value>
            </param>
            <param index="2">
              <value>
                <![CDATA[OS X]]>
              </value>
            </param>
            <param index="3">
              <value>
                <![CDATA[10]]>
              </value>
            </param>
            <param index="4">
              <value>
                <![CDATA[chrome-options]]>
              </value>
            </param>
            <param index="5">
              <value>
                <![CDATA[34]]>
              </value>
            </param>
            <param index="6">
              <value>
                <![CDATA[http://www.cnn.com/]]>
              </value>
            </param>
          </params>
          <reporter-output>
          </reporter-output>
        </test-method> <!-- setUp -->
        <test-method status="PASS" signature="startExtent(java.lang.reflect.Method)[pri:0, instance:TestHomePage@458ad742]" name="startExtent" is-config="true" duration-ms="1" started-at="2019-03-30T15:47:59Z" finished-at="2019-03-30T15:47:59Z">
          <params>
            <param index="0">
              <value>
                <![CDATA[public void TestHomePage.testCostcoLogo()]]>
              </value>
            </param>
          </params>
          <reporter-output>
          </reporter-output>
        </test-method> <!-- startExtent -->
        <test-method status="PASS" signature="initialize()[pri:0, instance:TestHomePage@458ad742]" name="initialize" is-config="true" duration-ms="19712" started-at="2019-03-30T15:47:59Z" finished-at="2019-03-30T15:48:19Z">
          <reporter-output>
          </reporter-output>
        </test-method> <!-- initialize -->
        <test-method status="PASS" signature="testCostcoLogo()[pri:0, instance:TestHomePage@458ad742]" name="testCostcoLogo" duration-ms="48" started-at="2019-03-30T15:48:19Z" finished-at="2019-03-30T15:48:19Z">
          <reporter-output>
          </reporter-output>
        </test-method> <!-- testCostcoLogo -->
        <test-method status="PASS" signature="afterEachTestMethod(org.testng.ITestResult)[pri:0, instance:TestHomePage@458ad742]" name="afterEachTestMethod" is-config="true" duration-ms="48" started-at="2019-03-30T15:48:19Z" finished-at="2019-03-30T15:48:19Z">
          <params>
            <param index="0">
              <value>
                <![CDATA[[TestResult name=testCostcoLogo status=SUCCESS method=TestHomePage.testCostcoLogo()[pri:0, instance:TestHomePage@458ad742] output={null}]]]>
              </value>
            </param>
          </params>
          <reporter-output>
          </reporter-output>
        </test-method> <!-- afterEachTestMethod -->
        <test-method status="SKIP" signature="testGroceryUrl()[pri:0, instance:TestHomePage@458ad742]" name="testGroceryUrl" duration-ms="0" started-at="2019-03-30T15:49:31Z" finished-at="2019-03-30T15:49:31Z">
          <reporter-output>
          </reporter-output>
        </test-method> <!-- testGroceryUrl -->
        <test-method status="SKIP" signature="initialize()[pri:0, instance:TestHomePage@458ad742]" name="initialize" is-config="true" duration-ms="0" started-at="2019-03-30T15:49:31Z" finished-at="2019-03-30T15:49:31Z">
          <reporter-output>
          </reporter-output>
        </test-method> <!-- initialize -->
        <test-method status="SKIP" signature="startExtent(java.lang.reflect.Method)[pri:0, instance:TestHomePage@458ad742]" name="startExtent" is-config="true" duration-ms="0" started-at="2019-03-30T15:49:31Z" finished-at="2019-03-30T15:49:31Z">
          <reporter-output>
          </reporter-output>
        </test-method> <!-- startExtent -->
        <test-method status="SKIP" signature="afterEachTestMethod(org.testng.ITestResult)[pri:0, instance:TestHomePage@458ad742]" name="afterEachTestMethod" is-config="true" duration-ms="0" started-at="2019-03-30T15:49:31Z" finished-at="2019-03-30T15:49:31Z">
          <reporter-output>
          </reporter-output>
        </test-method> <!-- afterEachTestMethod -->
        <test-method status="SKIP" signature="initialize()[pri:0, instance:TestHomePage@458ad742]" name="initialize" is-config="true" duration-ms="0" started-at="2019-03-30T15:49:31Z" finished-at="2019-03-30T15:49:31Z">
          <reporter-output>
          </reporter-output>
        </test-method> <!-- initialize -->
        <test-method status="SKIP" signature="startExtent(java.lang.reflect.Method)[pri:0, instance:TestHomePage@458ad742]" name="startExtent" is-config="true" duration-ms="0" started-at="2019-03-30T15:49:31Z" finished-at="2019-03-30T15:49:31Z">
          <reporter-output>
          </reporter-output>
        </test-method> <!-- startExtent -->
        <test-method status="SKIP" signature="testOpticalUrl()[pri:0, instance:TestHomePage@458ad742]" name="testOpticalUrl" duration-ms="0" started-at="2019-03-30T15:49:31Z" finished-at="2019-03-30T15:49:31Z">
          <reporter-output>
          </reporter-output>
        </test-method> <!-- testOpticalUrl -->
        <test-method status="SKIP" signature="afterEachTestMethod(org.testng.ITestResult)[pri:0, instance:TestHomePage@458ad742]" name="afterEachTestMethod" is-config="true" duration-ms="0" started-at="2019-03-30T15:49:31Z" finished-at="2019-03-30T15:49:31Z">
          <reporter-output>
          </reporter-output>
        </test-method> <!-- afterEachTestMethod -->
        <test-method status="SKIP" signature="testPharmacy()[pri:0, instance:TestHomePage@458ad742]" name="testPharmacy" duration-ms="0" started-at="2019-03-30T15:49:31Z" finished-at="2019-03-30T15:49:31Z">
          <reporter-output>
          </reporter-output>
        </test-method> <!-- testPharmacy -->
        <test-method status="SKIP" signature="afterEachTestMethod(org.testng.ITestResult)[pri:0, instance:TestHomePage@458ad742]" name="afterEachTestMethod" is-config="true" duration-ms="0" started-at="2019-03-30T15:49:31Z" finished-at="2019-03-30T15:49:31Z">
          <reporter-output>
          </reporter-output>
        </test-method> <!-- afterEachTestMethod -->
        <test-method status="SKIP" signature="startExtent(java.lang.reflect.Method)[pri:0, instance:TestHomePage@458ad742]" name="startExtent" is-config="true" duration-ms="0" started-at="2019-03-30T15:49:31Z" finished-at="2019-03-30T15:49:31Z">
          <reporter-output>
          </reporter-output>
        </test-method> <!-- startExtent -->
        <test-method status="SKIP" signature="initialize()[pri:0, instance:TestHomePage@458ad742]" name="initialize" is-config="true" duration-ms="0" started-at="2019-03-30T15:49:31Z" finished-at="2019-03-30T15:49:31Z">
          <reporter-output>
          </reporter-output>
        </test-method> <!-- initialize -->
        <test-method status="SKIP" signature="startExtent(java.lang.reflect.Method)[pri:0, instance:TestHomePage@458ad742]" name="startExtent" is-config="true" duration-ms="0" started-at="2019-03-30T15:49:31Z" finished-at="2019-03-30T15:49:31Z">
          <reporter-output>
          </reporter-output>
        </test-method> <!-- startExtent -->
        <test-method status="SKIP" signature="initialize()[pri:0, instance:TestHomePage@458ad742]" name="initialize" is-config="true" duration-ms="0" started-at="2019-03-30T15:49:31Z" finished-at="2019-03-30T15:49:31Z">
          <reporter-output>
          </reporter-output>
        </test-method> <!-- initialize -->
        <test-method status="SKIP" signature="afterEachTestMethod(org.testng.ITestResult)[pri:0, instance:TestHomePage@458ad742]" name="afterEachTestMethod" is-config="true" duration-ms="0" started-at="2019-03-30T15:49:31Z" finished-at="2019-03-30T15:49:31Z">
          <reporter-output>
          </reporter-output>
        </test-method> <!-- afterEachTestMethod -->
        <test-method status="SKIP" signature="testBusinessDelivery()[pri:0, instance:TestHomePage@458ad742]" name="testBusinessDelivery" duration-ms="0" started-at="2019-03-30T15:49:31Z" finished-at="2019-03-30T15:49:31Z">
          <reporter-output>
          </reporter-output>
        </test-method> <!-- testBusinessDelivery -->
        <test-method status="SKIP" signature="startExtent(java.lang.reflect.Method)[pri:0, instance:TestHomePage@458ad742]" name="startExtent" is-config="true" duration-ms="0" started-at="2019-03-30T15:49:31Z" finished-at="2019-03-30T15:49:31Z">
          <reporter-output>
          </reporter-output>
        </test-method> <!-- startExtent -->
        <test-method status="SKIP" signature="initialize()[pri:0, instance:TestHomePage@458ad742]" name="initialize" is-config="true" duration-ms="0" started-at="2019-03-30T15:49:31Z" finished-at="2019-03-30T15:49:31Z">
          <reporter-output>
          </reporter-output>
        </test-method> <!-- initialize -->
        <test-method status="SKIP" signature="testServicesUrl()[pri:0, instance:TestHomePage@458ad742]" name="testServicesUrl" duration-ms="1" started-at="2019-03-30T15:49:31Z" finished-at="2019-03-30T15:49:31Z">
          <reporter-output>
          </reporter-output>
        </test-method> <!-- testServicesUrl -->
        <test-method status="SKIP" signature="afterEachTestMethod(org.testng.ITestResult)[pri:0, instance:TestHomePage@458ad742]" name="afterEachTestMethod" is-config="true" duration-ms="0" started-at="2019-03-30T15:49:31Z" finished-at="2019-03-30T15:49:31Z">
          <reporter-output>
          </reporter-output>
        </test-method> <!-- afterEachTestMethod -->
        <test-method status="SKIP" signature="startExtent(java.lang.reflect.Method)[pri:0, instance:TestHomePage@458ad742]" name="startExtent" is-config="true" duration-ms="0" started-at="2019-03-30T15:49:31Z" finished-at="2019-03-30T15:49:31Z">
          <reporter-output>
          </reporter-output>
        </test-method> <!-- startExtent -->
        <test-method status="SKIP" signature="testCostcoFbook()[pri:0, instance:TestHomePage@458ad742]" name="testCostcoFbook" duration-ms="1" started-at="2019-03-30T15:49:31Z" finished-at="2019-03-30T15:49:31Z">
          <reporter-output>
          </reporter-output>
        </test-method> <!-- testCostcoFbook -->
        <test-method status="SKIP" signature="initialize()[pri:0, instance:TestHomePage@458ad742]" name="initialize" is-config="true" duration-ms="0" started-at="2019-03-30T15:49:31Z" finished-at="2019-03-30T15:49:31Z">
          <reporter-output>
          </reporter-output>
        </test-method> <!-- initialize -->
        <test-method status="SKIP" signature="afterEachTestMethod(org.testng.ITestResult)[pri:0, instance:TestHomePage@458ad742]" name="afterEachTestMethod" is-config="true" duration-ms="0" started-at="2019-03-30T15:49:31Z" finished-at="2019-03-30T15:49:31Z">
          <reporter-output>
          </reporter-output>
        </test-method> <!-- afterEachTestMethod -->
        <test-method status="SKIP" signature="initialize()[pri:0, instance:TestHomePage@458ad742]" name="initialize" is-config="true" duration-ms="0" started-at="2019-03-30T15:49:31Z" finished-at="2019-03-30T15:49:31Z">
          <reporter-output>
          </reporter-output>
        </test-method> <!-- initialize -->
        <test-method status="SKIP" signature="afterEachTestMethod(org.testng.ITestResult)[pri:0, instance:TestHomePage@458ad742]" name="afterEachTestMethod" is-config="true" duration-ms="0" started-at="2019-03-30T15:49:31Z" finished-at="2019-03-30T15:49:31Z">
          <reporter-output>
          </reporter-output>
        </test-method> <!-- afterEachTestMethod -->
        <test-method status="SKIP" signature="testCostcoPinterest()[pri:0, instance:TestHomePage@458ad742]" name="testCostcoPinterest" duration-ms="0" started-at="2019-03-30T15:49:31Z" finished-at="2019-03-30T15:49:31Z">
          <reporter-output>
          </reporter-output>
        </test-method> <!-- testCostcoPinterest -->
        <test-method status="SKIP" signature="startExtent(java.lang.reflect.Method)[pri:0, instance:TestHomePage@458ad742]" name="startExtent" is-config="true" duration-ms="0" started-at="2019-03-30T15:49:31Z" finished-at="2019-03-30T15:49:31Z">
          <reporter-output>
          </reporter-output>
        </test-method> <!-- startExtent -->
        <test-method status="SKIP" signature="afterEachTestMethod(org.testng.ITestResult)[pri:0, instance:TestHomePage@458ad742]" name="afterEachTestMethod" is-config="true" duration-ms="0" started-at="2019-03-30T15:49:31Z" finished-at="2019-03-30T15:49:31Z">
          <reporter-output>
          </reporter-output>
        </test-method> <!-- afterEachTestMethod -->
        <test-method status="SKIP" signature="testHomepageTitle()[pri:0, instance:TestHomePage@458ad742]" name="testHomepageTitle" duration-ms="0" started-at="2019-03-30T15:49:31Z" finished-at="2019-03-30T15:49:31Z">
          <reporter-output>
          </reporter-output>
        </test-method> <!-- testHomepageTitle -->
        <test-method status="SKIP" signature="initialize()[pri:0, instance:TestHomePage@458ad742]" name="initialize" is-config="true" duration-ms="0" started-at="2019-03-30T15:49:31Z" finished-at="2019-03-30T15:49:31Z">
          <reporter-output>
          </reporter-output>
        </test-method> <!-- initialize -->
        <test-method status="SKIP" signature="startExtent(java.lang.reflect.Method)[pri:0, instance:TestHomePage@458ad742]" name="startExtent" is-config="true" duration-ms="0" started-at="2019-03-30T15:49:31Z" finished-at="2019-03-30T15:49:31Z">
          <reporter-output>
          </reporter-output>
        </test-method> <!-- startExtent -->
        <test-method status="SKIP" signature="initialize()[pri:0, instance:TestHomePage@458ad742]" name="initialize" is-config="true" duration-ms="0" started-at="2019-03-30T15:49:31Z" finished-at="2019-03-30T15:49:31Z">
          <reporter-output>
          </reporter-output>
        </test-method> <!-- initialize -->
        <test-method status="SKIP" signature="clickCategoriesTest()[pri:0, instance:TestHomePage@458ad742]" name="clickCategoriesTest" duration-ms="0" started-at="2019-03-30T15:49:31Z" finished-at="2019-03-30T15:49:31Z">
          <reporter-output>
          </reporter-output>
        </test-method> <!-- clickCategoriesTest -->
        <test-method status="SKIP" signature="afterEachTestMethod(org.testng.ITestResult)[pri:0, instance:TestHomePage@458ad742]" name="afterEachTestMethod" is-config="true" duration-ms="0" started-at="2019-03-30T15:49:31Z" finished-at="2019-03-30T15:49:31Z">
          <reporter-output>
          </reporter-output>
        </test-method> <!-- afterEachTestMethod -->
        <test-method status="SKIP" signature="startExtent(java.lang.reflect.Method)[pri:0, instance:TestHomePage@458ad742]" name="startExtent" is-config="true" duration-ms="0" started-at="2019-03-30T15:49:31Z" finished-at="2019-03-30T15:49:31Z">
          <reporter-output>
          </reporter-output>
        </test-method> <!-- startExtent -->
        <test-method status="SKIP" signature="startExtent(java.lang.reflect.Method)[pri:0, instance:TestHomePage@458ad742]" name="startExtent" is-config="true" duration-ms="0" started-at="2019-03-30T15:49:31Z" finished-at="2019-03-30T15:49:31Z">
          <reporter-output>
          </reporter-output>
        </test-method> <!-- startExtent -->
        <test-method status="SKIP" signature="search()[pri:0, instance:TestHomePage@458ad742]" name="search" duration-ms="0" started-at="2019-03-30T15:49:31Z" finished-at="2019-03-30T15:49:31Z">
          <reporter-output>
          </reporter-output>
        </test-method> <!-- search -->
        <test-method status="SKIP" signature="testCustomerService()[pri:0, instance:TestHomePage@458ad742]" name="testCustomerService" duration-ms="0" started-at="2019-03-30T15:49:31Z" finished-at="2019-03-30T15:49:31Z">
          <reporter-output>
          </reporter-output>
        </test-method> <!-- testCustomerService -->
        <test-method status="SKIP" signature="afterEachTestMethod(org.testng.ITestResult)[pri:0, instance:TestHomePage@458ad742]" name="afterEachTestMethod" is-config="true" duration-ms="0" started-at="2019-03-30T15:49:31Z" finished-at="2019-03-30T15:49:31Z">
          <reporter-output>
          </reporter-output>
        </test-method> <!-- afterEachTestMethod -->
        <test-method status="SKIP" signature="afterEachTestMethod(org.testng.ITestResult)[pri:0, instance:TestHomePage@458ad742]" name="afterEachTestMethod" is-config="true" duration-ms="0" started-at="2019-03-30T15:49:31Z" finished-at="2019-03-30T15:49:31Z">
          <reporter-output>
          </reporter-output>
        </test-method> <!-- afterEachTestMethod -->
        <test-method status="SKIP" signature="initialize()[pri:0, instance:TestHomePage@458ad742]" name="initialize" is-config="true" duration-ms="0" started-at="2019-03-30T15:49:31Z" finished-at="2019-03-30T15:49:31Z">
          <reporter-output>
          </reporter-output>
        </test-method> <!-- initialize -->
        <test-method status="SKIP" signature="initialize()[pri:0, instance:TestHomePage@458ad742]" name="initialize" is-config="true" duration-ms="0" started-at="2019-03-30T15:49:31Z" finished-at="2019-03-30T15:49:31Z">
          <reporter-output>
          </reporter-output>
        </test-method> <!-- initialize -->
        <test-method status="SKIP" signature="startExtent(java.lang.reflect.Method)[pri:0, instance:TestHomePage@458ad742]" name="startExtent" is-config="true" duration-ms="0" started-at="2019-03-30T15:49:31Z" finished-at="2019-03-30T15:49:31Z">
          <reporter-output>
          </reporter-output>
        </test-method> <!-- startExtent -->
        <test-method status="SKIP" signature="afterEachTestMethod(org.testng.ITestResult)[pri:0, instance:TestHomePage@458ad742]" name="afterEachTestMethod" is-config="true" duration-ms="0" started-at="2019-03-30T15:49:31Z" finished-at="2019-03-30T15:49:31Z">
          <reporter-output>
          </reporter-output>
        </test-method> <!-- afterEachTestMethod -->
        <test-method status="SKIP" signature="initialize()[pri:0, instance:TestHomePage@458ad742]" name="initialize" is-config="true" duration-ms="0" started-at="2019-03-30T15:49:31Z" finished-at="2019-03-30T15:49:31Z">
          <reporter-output>
          </reporter-output>
        </test-method> <!-- initialize -->
        <test-method status="SKIP" signature="searchMacbook()[pri:0, instance:TestHomePage@458ad742]" name="searchMacbook" duration-ms="0" started-at="2019-03-30T15:49:31Z" finished-at="2019-03-30T15:49:31Z">
          <reporter-output>
          </reporter-output>
        </test-method> <!-- searchMacbook -->
        <test-method status="SKIP" signature="startExtent(java.lang.reflect.Method)[pri:0, instance:TestHomePage@458ad742]" name="startExtent" is-config="true" duration-ms="0" started-at="2019-03-30T15:49:31Z" finished-at="2019-03-30T15:49:31Z">
          <reporter-output>
          </reporter-output>
        </test-method> <!-- startExtent -->
        <test-method status="SKIP" signature="afterEachTestMethod(org.testng.ITestResult)[pri:0, instance:TestHomePage@458ad742]" name="afterEachTestMethod" is-config="true" duration-ms="0" started-at="2019-03-30T15:49:31Z" finished-at="2019-03-30T15:49:31Z">
          <reporter-output>
          </reporter-output>
        </test-method> <!-- afterEachTestMethod -->
        <test-method status="SKIP" signature="initialize()[pri:0, instance:TestHomePage@458ad742]" name="initialize" is-config="true" duration-ms="0" started-at="2019-03-30T15:49:31Z" finished-at="2019-03-30T15:49:31Z">
          <reporter-output>
          </reporter-output>
        </test-method> <!-- initialize -->
        <test-method status="SKIP" signature="startExtent(java.lang.reflect.Method)[pri:0, instance:TestHomePage@458ad742]" name="startExtent" is-config="true" duration-ms="0" started-at="2019-03-30T15:49:31Z" finished-at="2019-03-30T15:49:31Z">
          <reporter-output>
          </reporter-output>
        </test-method> <!-- startExtent -->
        <test-method status="SKIP" signature="startExtent(java.lang.reflect.Method)[pri:0, instance:TestHomePage@458ad742]" name="startExtent" is-config="true" duration-ms="0" started-at="2019-03-30T15:49:31Z" finished-at="2019-03-30T15:49:31Z">
          <reporter-output>
          </reporter-output>
        </test-method> <!-- startExtent -->
        <test-method status="SKIP" signature="clickLocationsTab()[pri:0, instance:TestHomePage@458ad742]" name="clickLocationsTab" duration-ms="0" started-at="2019-03-30T15:49:31Z" finished-at="2019-03-30T15:49:31Z">
          <reporter-output>
          </reporter-output>
        </test-method> <!-- clickLocationsTab -->
        <test-method status="SKIP" signature="initialize()[pri:0, instance:TestHomePage@458ad742]" name="initialize" is-config="true" duration-ms="0" started-at="2019-03-30T15:49:31Z" finished-at="2019-03-30T15:49:31Z">
          <reporter-output>
          </reporter-output>
        </test-method> <!-- initialize -->
        <test-method status="SKIP" signature="initialize()[pri:0, instance:TestHomePage@458ad742]" name="initialize" is-config="true" duration-ms="0" started-at="2019-03-30T15:49:31Z" finished-at="2019-03-30T15:49:31Z">
          <reporter-output>
          </reporter-output>
        </test-method> <!-- initialize -->
        <test-method status="SKIP" signature="testDropDown()[pri:0, instance:TestHomePage@458ad742]" name="testDropDown" duration-ms="0" started-at="2019-03-30T15:49:31Z" finished-at="2019-03-30T15:49:31Z">
          <reporter-output>
          </reporter-output>
        </test-method> <!-- testDropDown -->
        <test-method status="SKIP" signature="startExtent(java.lang.reflect.Method)[pri:0, instance:TestHomePage@458ad742]" name="startExtent" is-config="true" duration-ms="0" started-at="2019-03-30T15:49:31Z" finished-at="2019-03-30T15:49:31Z">
          <reporter-output>
          </reporter-output>
        </test-method> <!-- startExtent -->
        <test-method status="SKIP" signature="afterEachTestMethod(org.testng.ITestResult)[pri:0, instance:TestHomePage@458ad742]" name="afterEachTestMethod" is-config="true" duration-ms="0" started-at="2019-03-30T15:49:31Z" finished-at="2019-03-30T15:49:31Z">
          <reporter-output>
          </reporter-output>
        </test-method> <!-- afterEachTestMethod -->
        <test-method status="SKIP" signature="searchInGrocery()[pri:0, instance:TestHomePage@458ad742]" name="searchInGrocery" duration-ms="0" started-at="2019-03-30T15:49:31Z" finished-at="2019-03-30T15:49:31Z">
          <reporter-output>
          </reporter-output>
        </test-method> <!-- searchInGrocery -->
        <test-method status="SKIP" signature="afterEachTestMethod(org.testng.ITestResult)[pri:0, instance:TestHomePage@458ad742]" name="afterEachTestMethod" is-config="true" duration-ms="0" started-at="2019-03-30T15:49:31Z" finished-at="2019-03-30T15:49:31Z">
          <reporter-output>
          </reporter-output>
        </test-method> <!-- afterEachTestMethod -->
        <test-method status="SKIP" signature="cleanUp()[pri:0, instance:TestHomePage@458ad742]" name="cleanUp" is-config="true" duration-ms="0" started-at="2019-03-30T15:49:31Z" finished-at="2019-03-30T15:49:31Z">
          <reporter-output>
          </reporter-output>
        </test-method> <!-- cleanUp -->
      </class> <!-- TestHomePage -->
      <class name="TestServicePage">
        <test-method status="PASS" signature="setUp(boolean, java.lang.String, java.lang.String, java.lang.String, java.lang.String, java.lang.String, java.lang.String)[pri:0, instance:TestServicePage@6ea12c19]" name="setUp" is-config="true" duration-ms="1734" started-at="2019-03-30T15:49:04Z" finished-at="2019-03-30T15:49:06Z">
          <params>
            <param index="0">
              <value>
                <![CDATA[false]]>
              </value>
            </param>
            <param index="1">
              <value>
                <![CDATA[false]]>
              </value>
            </param>
            <param index="2">
              <value>
                <![CDATA[OS X]]>
              </value>
            </param>
            <param index="3">
              <value>
                <![CDATA[10]]>
              </value>
            </param>
            <param index="4">
              <value>
                <![CDATA[chrome-options]]>
              </value>
            </param>
            <param index="5">
              <value>
                <![CDATA[34]]>
              </value>
            </param>
            <param index="6">
              <value>
                <![CDATA[http://www.cnn.com/]]>
              </value>
            </param>
          </params>
          <reporter-output>
          </reporter-output>
        </test-method> <!-- setUp -->
        <test-method status="FAIL" signature="initialize()[pri:0, instance:TestServicePage@6ea12c19]" name="initialize" is-config="true" duration-ms="0" started-at="2019-03-30T15:49:06Z" finished-at="2019-03-30T15:49:06Z">
          <exception class="org.openqa.selenium.TimeoutException">
            <message>
              <![CDATA[timeout
  (Session info: chrome=73.0.3683.86)
  (Driver info: chromedriver=2.46.628411 (3324f4c8be9ff2f70a05a30ebc72ffb013e1a71e),platform=Mac OS X 10.14.3 x86_64) (WARNING: The server did not provide any stacktrace information)
Command duration or timeout: 0 milliseconds
Build info: version: '3.141.59', revision: 'e82be7d358', time: '2018-11-14T08:17:03'
System info: host: 'Saqibs-MacBook-Pro.local', ip: 'fe80:0:0:0:f9:630b:388:f57b%en0', os.name: 'Mac OS X', os.arch: 'x86_64', os.version: '10.14.3', java.version: '1.8.0_73'
Driver info: org.openqa.selenium.chrome.ChromeDriver
Capabilities {acceptInsecureCerts: false, acceptSslCerts: false, applicationCacheEnabled: false, browserConnectionEnabled: false, browserName: chrome, chrome: {chromedriverVersion: 2.46.628411 (3324f4c8be9ff2..., userDataDir: /var/folders/x2/7d20k9ks6j7...}, cssSelectorsEnabled: true, databaseEnabled: false, goog:chromeOptions: {debuggerAddress: localhost:50009}, handlesAlerts: true, hasTouchScreen: false, javascriptEnabled: true, locationContextEnabled: true, mobileEmulationEnabled: false, nativeEvents: true, networkConnectionEnabled: false, pageLoadStrategy: normal, platform: MAC, platformName: MAC, proxy: Proxy(), rotatable: false, setWindowRect: true, strictFileInteractability: false, takesHeapSnapshot: true, takesScreenshot: true, timeouts: {implicit: 0, pageLoad: 300000, script: 30000}, unexpectedAlertBehaviour: ignore, unhandledPromptBehavior: ignore, version: 73.0.3683.86, webStorageEnabled: true}
Session ID: c1bb78f7f94aa97b48460ebae161a43c]]>
            </message>
            <full-stacktrace>
              <![CDATA[org.openqa.selenium.TimeoutException: timeout
  (Session info: chrome=73.0.3683.86)
  (Driver info: chromedriver=2.46.628411 (3324f4c8be9ff2f70a05a30ebc72ffb013e1a71e),platform=Mac OS X 10.14.3 x86_64) (WARNING: The server did not provide any stacktrace information)
Command duration or timeout: 0 milliseconds
Build info: version: '3.141.59', revision: 'e82be7d358', time: '2018-11-14T08:17:03'
System info: host: 'Saqibs-MacBook-Pro.local', ip: 'fe80:0:0:0:f9:630b:388:f57b%en0', os.name: 'Mac OS X', os.arch: 'x86_64', os.version: '10.14.3', java.version: '1.8.0_73'
Driver info: org.openqa.selenium.chrome.ChromeDriver
Capabilities {acceptInsecureCerts: false, acceptSslCerts: false, applicationCacheEnabled: false, browserConnectionEnabled: false, browserName: chrome, chrome: {chromedriverVersion: 2.46.628411 (3324f4c8be9ff2..., userDataDir: /var/folders/x2/7d20k9ks6j7...}, cssSelectorsEnabled: true, databaseEnabled: false, goog:chromeOptions: {debuggerAddress: localhost:50009}, handlesAlerts: true, hasTouchScreen: false, javascriptEnabled: true, locationContextEnabled: true, mobileEmulationEnabled: false, nativeEvents: true, networkConnectionEnabled: false, pageLoadStrategy: normal, platform: MAC, platformName: MAC, proxy: Proxy(), rotatable: false, setWindowRect: true, strictFileInteractability: false, takesHeapSnapshot: true, takesScreenshot: true, timeouts: {implicit: 0, pageLoad: 300000, script: 30000}, unexpectedAlertBehaviour: ignore, unhandledPromptBehavior: ignore, version: 73.0.3683.86, webStorageEnabled: true}
Session ID: c1bb78f7f94aa97b48460ebae161a43c
	at sun.reflect.NativeConstructorAccessorImpl.newInstance0(Native Method)
	at sun.reflect.NativeConstructorAccessorImpl.newInstance(NativeConstructorAccessorImpl.java:62)
	at sun.reflect.DelegatingConstructorAccessorImpl.newInstance(DelegatingConstructorAccessorImpl.java:45)
	at java.lang.reflect.Constructor.newInstance(Constructor.java:422)
	at org.openqa.selenium.remote.ErrorHandler.createThrowable(ErrorHandler.java:214)
	at org.openqa.selenium.remote.ErrorHandler.throwIfResponseFailed(ErrorHandler.java:166)
	at org.openqa.selenium.remote.http.JsonHttpResponseCodec.reconstructValue(JsonHttpResponseCodec.java:40)
	at org.openqa.selenium.remote.http.AbstractHttpResponseCodec.decode(AbstractHttpResponseCodec.java:80)
	at org.openqa.selenium.remote.http.AbstractHttpResponseCodec.decode(AbstractHttpResponseCodec.java:44)
	at org.openqa.selenium.remote.HttpCommandExecutor.execute(HttpCommandExecutor.java:158)
	at org.openqa.selenium.remote.service.DriverCommandExecutor.execute(DriverCommandExecutor.java:83)
	at org.openqa.selenium.remote.RemoteWebDriver.execute(RemoteWebDriver.java:552)
	at org.openqa.selenium.remote.RemoteWebDriver.get(RemoteWebDriver.java:277)
	at org.openqa.selenium.remote.RemoteWebDriver$RemoteNavigation.to(RemoteWebDriver.java:857)
	at TestServicePage.initialize(TestServicePage.java:14)
	at sun.reflect.NativeMethodAccessorImpl.invoke0(Native Method)
	at sun.reflect.NativeMethodAccessorImpl.invoke(NativeMethodAccessorImpl.java:62)
	at sun.reflect.DelegatingMethodAccessorImpl.invoke(DelegatingMethodAccessorImpl.java:43)
	at java.lang.reflect.Method.invoke(Method.java:497)
	at org.testng.internal.MethodInvocationHelper.invokeMethod(MethodInvocationHelper.java:84)
	at org.testng.internal.Invoker.invokeConfigurationMethod(Invoker.java:564)
	at org.testng.internal.Invoker.invokeConfigurations(Invoker.java:213)
	at org.testng.internal.Invoker.invokeConfigurations(Invoker.java:138)
	at org.testng.internal.TestMethodWorker.invokeBeforeClassMethods(TestMethodWorker.java:175)
	at org.testng.internal.TestMethodWorker.run(TestMethodWorker.java:107)
	at org.testng.TestRunner.privateRun(TestRunner.java:767)
	at org.testng.TestRunner.run(TestRunner.java:617)
	at org.testng.SuiteRunner.runTest(SuiteRunner.java:334)
	at org.testng.SuiteRunner.runSequentially(SuiteRunner.java:329)
	at org.testng.SuiteRunner.privateRun(SuiteRunner.java:291)
	at org.testng.SuiteRunner.run(SuiteRunner.java:240)
	at org.testng.SuiteRunnerWorker.runSuite(SuiteRunnerWorker.java:52)
	at org.testng.SuiteRunnerWorker.run(SuiteRunnerWorker.java:86)
	at org.testng.TestNG.runSuitesSequentially(TestNG.java:1224)
	at org.testng.TestNG.runSuitesLocally(TestNG.java:1149)
	at org.testng.TestNG.run(TestNG.java:1057)
	at org.apache.maven.surefire.testng.TestNGExecutor.run(TestNGExecutor.java:77)
	at org.apache.maven.surefire.testng.TestNGDirectoryTestSuite.executeMulti(TestNGDirectoryTestSuite.java:159)
	at org.apache.maven.surefire.testng.TestNGDirectoryTestSuite.execute(TestNGDirectoryTestSuite.java:99)
	at org.apache.maven.surefire.testng.TestNGProvider.invoke(TestNGProvider.java:106)
	at sun.reflect.NativeMethodAccessorImpl.invoke0(Native Method)
	at sun.reflect.NativeMethodAccessorImpl.invoke(NativeMethodAccessorImpl.java:62)
	at sun.reflect.DelegatingMethodAccessorImpl.invoke(DelegatingMethodAccessorImpl.java:43)
	at java.lang.reflect.Method.invoke(Method.java:497)
	at org.apache.maven.surefire.util.ReflectionUtils.invokeMethodWithArray(ReflectionUtils.java:189)
	at org.apache.maven.surefire.booter.ProviderFactory$ProviderProxy.invoke(ProviderFactory.java:165)
	at org.apache.maven.surefire.booter.ProviderFactory.invokeProvider(ProviderFactory.java:85)
	at org.apache.maven.surefire.booter.ForkedBooter.runSuitesInProcess(ForkedBooter.java:115)
	at org.apache.maven.surefire.booter.ForkedBooter.main(ForkedBooter.java:75)
]]>
            </full-stacktrace>
          </exception> <!-- org.openqa.selenium.TimeoutException -->
          <reporter-output>
          </reporter-output>
        </test-method> <!-- initialize -->
        <test-method status="SKIP" signature="startExtent(java.lang.reflect.Method)[pri:0, instance:TestServicePage@6ea12c19]" name="startExtent" is-config="true" duration-ms="0" started-at="2019-03-30T15:49:31Z" finished-at="2019-03-30T15:49:31Z">
          <reporter-output>
          </reporter-output>
        </test-method> <!-- startExtent -->
        <test-method status="SKIP" signature="testServicePageTitle()[pri:0, instance:TestServicePage@6ea12c19]" name="testServicePageTitle" duration-ms="1" started-at="2019-03-30T15:49:31Z" finished-at="2019-03-30T15:49:31Z">
          <reporter-output>
          </reporter-output>
        </test-method> <!-- testServicePageTitle -->
        <test-method status="SKIP" signature="afterEachTestMethod(org.testng.ITestResult)[pri:0, instance:TestServicePage@6ea12c19]" name="afterEachTestMethod" is-config="true" duration-ms="0" started-at="2019-03-30T15:49:31Z" finished-at="2019-03-30T15:49:31Z">
          <reporter-output>
          </reporter-output>
        </test-method> <!-- afterEachTestMethod -->
        <test-method status="SKIP" signature="afterEachTestMethod(org.testng.ITestResult)[pri:0, instance:TestServicePage@6ea12c19]" name="afterEachTestMethod" is-config="true" duration-ms="0" started-at="2019-03-30T15:49:31Z" finished-at="2019-03-30T15:49:31Z">
          <reporter-output>
          </reporter-output>
        </test-method> <!-- afterEachTestMethod -->
        <test-method status="SKIP" signature="startExtent(java.lang.reflect.Method)[pri:0, instance:TestServicePage@6ea12c19]" name="startExtent" is-config="true" duration-ms="0" started-at="2019-03-30T15:49:31Z" finished-at="2019-03-30T15:49:31Z">
          <reporter-output>
          </reporter-output>
        </test-method> <!-- startExtent -->
        <test-method status="SKIP" signature="testHomeTab()[pri:0, instance:TestServicePage@6ea12c19]" name="testHomeTab" duration-ms="0" started-at="2019-03-30T15:49:31Z" finished-at="2019-03-30T15:49:31Z">
          <reporter-output>
          </reporter-output>
        </test-method> <!-- testHomeTab -->
        <test-method status="SKIP" signature="testBusinessTab()[pri:0, instance:TestServicePage@6ea12c19]" name="testBusinessTab" duration-ms="0" started-at="2019-03-30T15:49:31Z" finished-at="2019-03-30T15:49:31Z">
          <reporter-output>
          </reporter-output>
        </test-method> <!-- testBusinessTab -->
        <test-method status="SKIP" signature="afterEachTestMethod(org.testng.ITestResult)[pri:0, instance:TestServicePage@6ea12c19]" name="afterEachTestMethod" is-config="true" duration-ms="0" started-at="2019-03-30T15:49:31Z" finished-at="2019-03-30T15:49:31Z">
          <reporter-output>
          </reporter-output>
        </test-method> <!-- afterEachTestMethod -->
        <test-method status="SKIP" signature="startExtent(java.lang.reflect.Method)[pri:0, instance:TestServicePage@6ea12c19]" name="startExtent" is-config="true" duration-ms="0" started-at="2019-03-30T15:49:31Z" finished-at="2019-03-30T15:49:31Z">
          <reporter-output>
          </reporter-output>
        </test-method> <!-- startExtent -->
        <test-method status="SKIP" signature="testLifeTab()[pri:0, instance:TestServicePage@6ea12c19]" name="testLifeTab" duration-ms="0" started-at="2019-03-30T15:49:31Z" finished-at="2019-03-30T15:49:31Z">
          <reporter-output>
          </reporter-output>
        </test-method> <!-- testLifeTab -->
        <test-method status="SKIP" signature="startExtent(java.lang.reflect.Method)[pri:0, instance:TestServicePage@6ea12c19]" name="startExtent" is-config="true" duration-ms="0" started-at="2019-03-30T15:49:31Z" finished-at="2019-03-30T15:49:31Z">
          <reporter-output>
          </reporter-output>
        </test-method> <!-- startExtent -->
        <test-method status="SKIP" signature="afterEachTestMethod(org.testng.ITestResult)[pri:0, instance:TestServicePage@6ea12c19]" name="afterEachTestMethod" is-config="true" duration-ms="0" started-at="2019-03-30T15:49:31Z" finished-at="2019-03-30T15:49:31Z">
          <reporter-output>
          </reporter-output>
        </test-method> <!-- afterEachTestMethod -->
        <test-method status="SKIP" signature="testAutoHomeInsurance()[pri:0, instance:TestServicePage@6ea12c19]" name="testAutoHomeInsurance" duration-ms="0" started-at="2019-03-30T15:49:31Z" finished-at="2019-03-30T15:49:31Z">
          <reporter-output>
          </reporter-output>
        </test-method> <!-- testAutoHomeInsurance -->
        <test-method status="SKIP" signature="afterEachTestMethod(org.testng.ITestResult)[pri:0, instance:TestServicePage@6ea12c19]" name="afterEachTestMethod" is-config="true" duration-ms="0" started-at="2019-03-30T15:49:31Z" finished-at="2019-03-30T15:49:31Z">
          <reporter-output>
          </reporter-output>
        </test-method> <!-- afterEachTestMethod -->
        <test-method status="SKIP" signature="startExtent(java.lang.reflect.Method)[pri:0, instance:TestServicePage@6ea12c19]" name="startExtent" is-config="true" duration-ms="0" started-at="2019-03-30T15:49:31Z" finished-at="2019-03-30T15:49:31Z">
          <reporter-output>
          </reporter-output>
        </test-method> <!-- startExtent -->
        <test-method status="SKIP" signature="startExtent(java.lang.reflect.Method)[pri:0, instance:TestServicePage@6ea12c19]" name="startExtent" is-config="true" duration-ms="0" started-at="2019-03-30T15:49:31Z" finished-at="2019-03-30T15:49:31Z">
          <reporter-output>
          </reporter-output>
        </test-method> <!-- startExtent -->
        <test-method status="SKIP" signature="testCancelBtn()[pri:0, instance:TestServicePage@6ea12c19]" name="testCancelBtn" duration-ms="0" started-at="2019-03-30T15:49:31Z" finished-at="2019-03-30T15:49:31Z">
          <reporter-output>
          </reporter-output>
        </test-method> <!-- testCancelBtn -->
        <test-method status="SKIP" signature="afterEachTestMethod(org.testng.ITestResult)[pri:0, instance:TestServicePage@6ea12c19]" name="afterEachTestMethod" is-config="true" duration-ms="0" started-at="2019-03-30T15:49:31Z" finished-at="2019-03-30T15:49:31Z">
          <reporter-output>
          </reporter-output>
        </test-method> <!-- afterEachTestMethod -->
        <test-method status="SKIP" signature="testVideoTab()[pri:0, instance:TestServicePage@6ea12c19]" name="testVideoTab" duration-ms="0" started-at="2019-03-30T15:49:31Z" finished-at="2019-03-30T15:49:31Z">
          <reporter-output>
          </reporter-output>
        </test-method> <!-- testVideoTab -->
        <test-method status="SKIP" signature="startExtent(java.lang.reflect.Method)[pri:0, instance:TestServicePage@6ea12c19]" name="startExtent" is-config="true" duration-ms="0" started-at="2019-03-30T15:49:31Z" finished-at="2019-03-30T15:49:31Z">
          <reporter-output>
          </reporter-output>
        </test-method> <!-- startExtent -->
        <test-method status="SKIP" signature="afterEachTestMethod(org.testng.ITestResult)[pri:0, instance:TestServicePage@6ea12c19]" name="afterEachTestMethod" is-config="true" duration-ms="0" started-at="2019-03-30T15:49:31Z" finished-at="2019-03-30T15:49:31Z">
          <reporter-output>
          </reporter-output>
        </test-method> <!-- afterEachTestMethod -->
        <test-method status="SKIP" signature="testExternalLinkBtn()[pri:0, instance:TestServicePage@6ea12c19]" name="testExternalLinkBtn" duration-ms="0" started-at="2019-03-30T15:49:31Z" finished-at="2019-03-30T15:49:31Z">
          <reporter-output>
          </reporter-output>
        </test-method> <!-- testExternalLinkBtn -->
        <test-method status="SKIP" signature="startExtent(java.lang.reflect.Method)[pri:0, instance:TestServicePage@6ea12c19]" name="startExtent" is-config="true" duration-ms="0" started-at="2019-03-30T15:49:31Z" finished-at="2019-03-30T15:49:31Z">
          <reporter-output>
          </reporter-output>
        </test-method> <!-- startExtent -->
        <test-method status="SKIP" signature="afterEachTestMethod(org.testng.ITestResult)[pri:0, instance:TestServicePage@6ea12c19]" name="afterEachTestMethod" is-config="true" duration-ms="0" started-at="2019-03-30T15:49:31Z" finished-at="2019-03-30T15:49:31Z">
          <reporter-output>
          </reporter-output>
        </test-method> <!-- afterEachTestMethod -->
        <test-method status="SKIP" signature="cleanUp()[pri:0, instance:TestServicePage@6ea12c19]" name="cleanUp" is-config="true" duration-ms="0" started-at="2019-03-30T15:49:31Z" finished-at="2019-03-30T15:49:31Z">
          <reporter-output>
          </reporter-output>
        </test-method> <!-- cleanUp -->
      </class> <!-- TestServicePage -->
      <class name="TestRegisterPage">
        <test-method status="PASS" signature="setUp(boolean, java.lang.String, java.lang.String, java.lang.String, java.lang.String, java.lang.String, java.lang.String)[pri:0, instance:TestRegisterPage@7921b0a2]" name="setUp" is-config="true" duration-ms="1832" started-at="2019-03-30T15:48:41Z" finished-at="2019-03-30T15:48:42Z">
          <params>
            <param index="0">
              <value>
                <![CDATA[false]]>
              </value>
            </param>
            <param index="1">
              <value>
                <![CDATA[false]]>
              </value>
            </param>
            <param index="2">
              <value>
                <![CDATA[OS X]]>
              </value>
            </param>
            <param index="3">
              <value>
                <![CDATA[10]]>
              </value>
            </param>
            <param index="4">
              <value>
                <![CDATA[chrome-options]]>
              </value>
            </param>
            <param index="5">
              <value>
                <![CDATA[34]]>
              </value>
            </param>
            <param index="6">
              <value>
                <![CDATA[http://www.cnn.com/]]>
              </value>
            </param>
          </params>
          <reporter-output>
          </reporter-output>
        </test-method> <!-- setUp -->
        <test-method status="PASS" signature="initialize()[pri:0, instance:TestRegisterPage@7921b0a2]" name="initialize" is-config="true" duration-ms="7507" started-at="2019-03-30T15:48:42Z" finished-at="2019-03-30T15:48:50Z">
          <reporter-output>
          </reporter-output>
        </test-method> <!-- initialize -->
        <test-method status="PASS" signature="startExtent(java.lang.reflect.Method)[pri:0, instance:TestRegisterPage@7921b0a2]" name="startExtent" is-config="true" duration-ms="1" started-at="2019-03-30T15:48:50Z" finished-at="2019-03-30T15:48:50Z">
          <params>
            <param index="0">
              <value>
                <![CDATA[public void TestRegisterPage.testRegisterPageTitle()]]>
              </value>
            </param>
          </params>
          <reporter-output>
          </reporter-output>
        </test-method> <!-- startExtent -->
        <test-method status="PASS" signature="testRegisterPageTitle()[pri:0, instance:TestRegisterPage@7921b0a2]" name="testRegisterPageTitle" duration-ms="14226" started-at="2019-03-30T15:48:50Z" finished-at="2019-03-30T15:49:04Z">
          <reporter-output>
          </reporter-output>
        </test-method> <!-- testRegisterPageTitle -->
        <test-method status="PASS" signature="afterEachTestMethod(org.testng.ITestResult)[pri:0, instance:TestRegisterPage@7921b0a2]" name="afterEachTestMethod" is-config="true" duration-ms="53" started-at="2019-03-30T15:49:04Z" finished-at="2019-03-30T15:49:04Z">
          <params>
            <param index="0">
              <value>
                <![CDATA[[TestResult name=testRegisterPageTitle status=SUCCESS method=TestRegisterPage.testRegisterPageTitle()[pri:0, instance:TestRegisterPage@7921b0a2] output={null}]]]>
              </value>
            </param>
          </params>
          <reporter-output>
          </reporter-output>
        </test-method> <!-- afterEachTestMethod -->
        <test-method status="SKIP" signature="afterEachTestMethod(org.testng.ITestResult)[pri:0, instance:TestRegisterPage@7921b0a2]" name="afterEachTestMethod" is-config="true" duration-ms="0" started-at="2019-03-30T15:49:31Z" finished-at="2019-03-30T15:49:31Z">
          <reporter-output>
          </reporter-output>
        </test-method> <!-- afterEachTestMethod -->
        <test-method status="SKIP" signature="startExtent(java.lang.reflect.Method)[pri:0, instance:TestRegisterPage@7921b0a2]" name="startExtent" is-config="true" duration-ms="0" started-at="2019-03-30T15:49:31Z" finished-at="2019-03-30T15:49:31Z">
          <reporter-output>
          </reporter-output>
        </test-method> <!-- startExtent -->
        <test-method status="SKIP" signature="testEmailBar()[pri:0, instance:TestRegisterPage@7921b0a2]" name="testEmailBar" duration-ms="0" started-at="2019-03-30T15:49:31Z" finished-at="2019-03-30T15:49:31Z">
          <reporter-output>
          </reporter-output>
        </test-method> <!-- testEmailBar -->
        <test-method status="SKIP" signature="startExtent(java.lang.reflect.Method)[pri:0, instance:TestRegisterPage@7921b0a2]" name="startExtent" is-config="true" duration-ms="0" started-at="2019-03-30T15:49:31Z" finished-at="2019-03-30T15:49:31Z">
          <reporter-output>
          </reporter-output>
        </test-method> <!-- startExtent -->
        <test-method status="SKIP" signature="testPasswordBar()[pri:0, instance:TestRegisterPage@7921b0a2]" name="testPasswordBar" duration-ms="0" started-at="2019-03-30T15:49:31Z" finished-at="2019-03-30T15:49:31Z">
          <reporter-output>
          </reporter-output>
        </test-method> <!-- testPasswordBar -->
        <test-method status="SKIP" signature="afterEachTestMethod(org.testng.ITestResult)[pri:0, instance:TestRegisterPage@7921b0a2]" name="afterEachTestMethod" is-config="true" duration-ms="0" started-at="2019-03-30T15:49:31Z" finished-at="2019-03-30T15:49:31Z">
          <reporter-output>
          </reporter-output>
        </test-method> <!-- afterEachTestMethod -->
        <test-method status="SKIP" signature="enterEmailandPassword()[pri:0, instance:TestRegisterPage@7921b0a2]" name="enterEmailandPassword" duration-ms="0" started-at="2019-03-30T15:49:31Z" finished-at="2019-03-30T15:49:31Z">
          <reporter-output>
          </reporter-output>
        </test-method> <!-- enterEmailandPassword -->
        <test-method status="SKIP" signature="startExtent(java.lang.reflect.Method)[pri:0, instance:TestRegisterPage@7921b0a2]" name="startExtent" is-config="true" duration-ms="0" started-at="2019-03-30T15:49:31Z" finished-at="2019-03-30T15:49:31Z">
          <reporter-output>
          </reporter-output>
        </test-method> <!-- startExtent -->
        <test-method status="SKIP" signature="afterEachTestMethod(org.testng.ITestResult)[pri:0, instance:TestRegisterPage@7921b0a2]" name="afterEachTestMethod" is-config="true" duration-ms="0" started-at="2019-03-30T15:49:31Z" finished-at="2019-03-30T15:49:31Z">
          <reporter-output>
          </reporter-output>
        </test-method> <!-- afterEachTestMethod -->
        <test-method status="SKIP" signature="startExtent(java.lang.reflect.Method)[pri:0, instance:TestRegisterPage@7921b0a2]" name="startExtent" is-config="true" duration-ms="0" started-at="2019-03-30T15:49:31Z" finished-at="2019-03-30T15:49:31Z">
          <reporter-output>
          </reporter-output>
        </test-method> <!-- startExtent -->
        <test-method status="SKIP" signature="emailPasswordMemberId()[pri:0, instance:TestRegisterPage@7921b0a2]" name="emailPasswordMemberId" duration-ms="0" started-at="2019-03-30T15:49:31Z" finished-at="2019-03-30T15:49:31Z">
          <reporter-output>
          </reporter-output>
        </test-method> <!-- emailPasswordMemberId -->
        <test-method status="SKIP" signature="afterEachTestMethod(org.testng.ITestResult)[pri:0, instance:TestRegisterPage@7921b0a2]" name="afterEachTestMethod" is-config="true" duration-ms="0" started-at="2019-03-30T15:49:31Z" finished-at="2019-03-30T15:49:31Z">
          <reporter-output>
          </reporter-output>
        </test-method> <!-- afterEachTestMethod -->
        <test-method status="SKIP" signature="startExtent(java.lang.reflect.Method)[pri:0, instance:TestRegisterPage@7921b0a2]" name="startExtent" is-config="true" duration-ms="0" started-at="2019-03-30T15:49:31Z" finished-at="2019-03-30T15:49:31Z">
          <reporter-output>
          </reporter-output>
        </test-method> <!-- startExtent -->
        <test-method status="SKIP" signature="testBuyMembershipTab()[pri:0, instance:TestRegisterPage@7921b0a2]" name="testBuyMembershipTab" duration-ms="0" started-at="2019-03-30T15:49:31Z" finished-at="2019-03-30T15:49:31Z">
          <reporter-output>
          </reporter-output>
        </test-method> <!-- testBuyMembershipTab -->
        <test-method status="SKIP" signature="cleanUp()[pri:0, instance:TestRegisterPage@7921b0a2]" name="cleanUp" is-config="true" duration-ms="0" started-at="2019-03-30T15:49:31Z" finished-at="2019-03-30T15:49:31Z">
          <reporter-output>
          </reporter-output>
        </test-method> <!-- cleanUp -->
        <test-method status="SKIP" signature="afterEachTestMethod(org.testng.ITestResult)[pri:0, instance:TestRegisterPage@7921b0a2]" name="afterEachTestMethod" is-config="true" duration-ms="0" started-at="2019-03-30T15:49:31Z" finished-at="2019-03-30T15:49:31Z">
          <reporter-output>
          </reporter-output>
        </test-method> <!-- afterEachTestMethod -->
      </class> <!-- TestRegisterPage -->
      <class name="TestMembershipClass">
        <test-method status="PASS" signature="extentSetup(org.testng.ITestContext)[pri:0, instance:TestMembershipClass@153f5a29]" name="extentSetup" is-config="true" duration-ms="5155" started-at="2019-03-30T15:47:16Z" finished-at="2019-03-30T15:47:21Z">
          <params>
            <param index="0">
              <value>
                <![CDATA[org.testng.TestRunner@75e01201]]>
              </value>
            </param>
          </params>
          <reporter-output>
            <line>
              <![CDATA[Extent Report Directory/Users/Saqib/Desktop/AutomationFrameworkGroup2/Costco.com/target/surefire-reports/html]]>
            </line>
          </reporter-output>
        </test-method> <!-- extentSetup -->
        <test-method status="PASS" signature="setUp(boolean, java.lang.String, java.lang.String, java.lang.String, java.lang.String, java.lang.String, java.lang.String)[pri:0, instance:TestMembershipClass@153f5a29]" name="setUp" is-config="true" duration-ms="1476" started-at="2019-03-30T15:48:19Z" finished-at="2019-03-30T15:48:21Z">
          <params>
            <param index="0">
              <value>
                <![CDATA[false]]>
              </value>
            </param>
            <param index="1">
              <value>
                <![CDATA[false]]>
              </value>
            </param>
            <param index="2">
              <value>
                <![CDATA[OS X]]>
              </value>
            </param>
            <param index="3">
              <value>
                <![CDATA[10]]>
              </value>
            </param>
            <param index="4">
              <value>
                <![CDATA[chrome-options]]>
              </value>
            </param>
            <param index="5">
              <value>
                <![CDATA[34]]>
              </value>
            </param>
            <param index="6">
              <value>
                <![CDATA[http://www.cnn.com/]]>
              </value>
            </param>
          </params>
          <reporter-output>
          </reporter-output>
        </test-method> <!-- setUp -->
        <test-method status="PASS" signature="initialize()[pri:0, instance:TestMembershipClass@153f5a29]" name="initialize" is-config="true" duration-ms="7694" started-at="2019-03-30T15:48:21Z" finished-at="2019-03-30T15:48:28Z">
          <reporter-output>
          </reporter-output>
        </test-method> <!-- initialize -->
        <test-method status="PASS" signature="startExtent(java.lang.reflect.Method)[pri:0, instance:TestMembershipClass@153f5a29]" name="startExtent" is-config="true" duration-ms="0" started-at="2019-03-30T15:48:28Z" finished-at="2019-03-30T15:48:28Z">
          <params>
            <param index="0">
              <value>
                <![CDATA[public void TestMembershipClass.membershipPageTitle()]]>
              </value>
            </param>
          </params>
          <reporter-output>
          </reporter-output>
        </test-method> <!-- startExtent -->
        <test-method status="PASS" signature="membershipPageTitle()[pri:0, instance:TestMembershipClass@153f5a29]" name="membershipPageTitle" duration-ms="12151" started-at="2019-03-30T15:48:28Z" finished-at="2019-03-30T15:48:41Z">
          <reporter-output>
          </reporter-output>
        </test-method> <!-- membershipPageTitle -->
        <test-method status="PASS" signature="afterEachTestMethod(org.testng.ITestResult)[pri:0, instance:TestMembershipClass@153f5a29]" name="afterEachTestMethod" is-config="true" duration-ms="43" started-at="2019-03-30T15:48:41Z" finished-at="2019-03-30T15:48:41Z">
          <params>
            <param index="0">
              <value>
                <![CDATA[[TestResult name=membershipPageTitle status=SUCCESS method=TestMembershipClass.membershipPageTitle()[pri:0, instance:TestMembershipClass@153f5a29] output={null}]]]>
              </value>
            </param>
          </params>
          <reporter-output>
          </reporter-output>
        </test-method> <!-- afterEachTestMethod -->
        <test-method status="SKIP" signature="TestWhyBecomeMember()[pri:0, instance:TestMembershipClass@153f5a29]" name="TestWhyBecomeMember" duration-ms="0" started-at="2019-03-30T15:49:31Z" finished-at="2019-03-30T15:49:31Z">
          <reporter-output>
          </reporter-output>
        </test-method> <!-- TestWhyBecomeMember -->
        <test-method status="SKIP" signature="startExtent(java.lang.reflect.Method)[pri:0, instance:TestMembershipClass@153f5a29]" name="startExtent" is-config="true" duration-ms="0" started-at="2019-03-30T15:49:31Z" finished-at="2019-03-30T15:49:31Z">
          <reporter-output>
          </reporter-output>
        </test-method> <!-- startExtent -->
        <test-method status="SKIP" signature="afterEachTestMethod(org.testng.ITestResult)[pri:0, instance:TestMembershipClass@153f5a29]" name="afterEachTestMethod" is-config="true" duration-ms="0" started-at="2019-03-30T15:49:31Z" finished-at="2019-03-30T15:49:31Z">
          <reporter-output>
          </reporter-output>
        </test-method> <!-- afterEachTestMethod -->
        <test-method status="SKIP" signature="WhyBecomeMemberTitle()[pri:0, instance:TestMembershipClass@153f5a29]" name="WhyBecomeMemberTitle" duration-ms="1" started-at="2019-03-30T15:49:31Z" finished-at="2019-03-30T15:49:31Z">
          <reporter-output>
          </reporter-output>
        </test-method> <!-- WhyBecomeMemberTitle -->
        <test-method status="SKIP" signature="startExtent(java.lang.reflect.Method)[pri:0, instance:TestMembershipClass@153f5a29]" name="startExtent" is-config="true" duration-ms="0" started-at="2019-03-30T15:49:31Z" finished-at="2019-03-30T15:49:31Z">
          <reporter-output>
          </reporter-output>
        </test-method> <!-- startExtent -->
        <test-method status="SKIP" signature="afterEachTestMethod(org.testng.ITestResult)[pri:0, instance:TestMembershipClass@153f5a29]" name="afterEachTestMethod" is-config="true" duration-ms="0" started-at="2019-03-30T15:49:31Z" finished-at="2019-03-30T15:49:31Z">
          <reporter-output>
          </reporter-output>
        </test-method> <!-- afterEachTestMethod -->
        <test-method status="SKIP" signature="startExtent(java.lang.reflect.Method)[pri:0, instance:TestMembershipClass@153f5a29]" name="startExtent" is-config="true" duration-ms="0" started-at="2019-03-30T15:49:31Z" finished-at="2019-03-30T15:49:31Z">
          <reporter-output>
          </reporter-output>
        </test-method> <!-- startExtent -->
        <test-method status="SKIP" signature="TestTermsAndConditions()[pri:0, instance:TestMembershipClass@153f5a29]" name="TestTermsAndConditions" duration-ms="0" started-at="2019-03-30T15:49:31Z" finished-at="2019-03-30T15:49:31Z">
          <reporter-output>
          </reporter-output>
        </test-method> <!-- TestTermsAndConditions -->
        <test-method status="SKIP" signature="afterEachTestMethod(org.testng.ITestResult)[pri:0, instance:TestMembershipClass@153f5a29]" name="afterEachTestMethod" is-config="true" duration-ms="0" started-at="2019-03-30T15:49:31Z" finished-at="2019-03-30T15:49:31Z">
          <reporter-output>
          </reporter-output>
        </test-method> <!-- afterEachTestMethod -->
        <test-method status="SKIP" signature="cleanUp()[pri:0, instance:TestMembershipClass@153f5a29]" name="cleanUp" is-config="true" duration-ms="0" started-at="2019-03-30T15:49:31Z" finished-at="2019-03-30T15:49:31Z">
          <reporter-output>
          </reporter-output>
        </test-method> <!-- cleanUp -->
        <test-method status="SKIP" signature="generateReport()[pri:0, instance:TestMembershipClass@153f5a29]" name="generateReport" is-config="true" duration-ms="0" started-at="2019-03-30T15:49:36Z" finished-at="2019-03-30T15:49:36Z">
          <reporter-output>
          </reporter-output>
        </test-method> <!-- generateReport -->
      </class> <!-- TestMembershipClass -->
    </test> <!-- Command line test -->
  </suite> <!-- Command line suite -->
</testng-results>
